[0.091s] DEBUG:colcon:Command line arguments: ['/usr/bin/colcon', 'build', '--symlink-install']
[0.091s] DEBUG:colcon:Parsed command line arguments: Namespace(log_base=None, log_level=None, verb_name='build', build_base='build', install_base='install', merge_install=False, symlink_install=True, test_result_base=None, continue_on_error=False, executor='parallel', parallel_workers=8, event_handlers=None, ignore_user_meta=False, metas=['./colcon.meta'], base_paths=['.'], packages_ignore=None, packages_ignore_regex=None, paths=None, packages_up_to=None, packages_up_to_regex=None, packages_above=None, packages_above_and_dependencies=None, packages_above_depth=None, packages_select_by_dep=None, packages_skip_by_dep=None, packages_skip_up_to=None, packages_select_build_failed=False, packages_skip_build_finished=False, packages_select_test_failures=False, packages_skip_test_passed=False, packages_select=None, packages_skip=None, packages_select_regex=None, packages_skip_regex=None, packages_start=None, packages_end=None, allow_overriding=[], cmake_args=None, cmake_target=None, cmake_target_skip_unavailable=False, cmake_clean_cache=False, cmake_clean_first=False, cmake_force_configure=False, ament_cmake_args=None, catkin_cmake_args=None, catkin_skip_building_tests=False, mixin_files=None, mixin=None, verb_parser=<colcon_mixin.mixin.mixin_argument.MixinArgumentDecorator object at 0x73a94b5a9100>, verb_extension=<colcon_core.verb.build.BuildVerb object at 0x73a94b6c9550>, main=<bound method BuildVerb.main of <colcon_core.verb.build.BuildVerb object at 0x73a94b6c9550>>, mixin_verb=('build',))
[0.124s] Level 1:colcon.colcon_core.package_discovery:discover_packages(colcon_meta) check parameters
[0.124s] Level 1:colcon.colcon_core.package_discovery:discover_packages(recursive) check parameters
[0.124s] Level 1:colcon.colcon_core.package_discovery:discover_packages(ignore) check parameters
[0.124s] Level 1:colcon.colcon_core.package_discovery:discover_packages(path) check parameters
[0.124s] Level 1:colcon.colcon_core.package_discovery:discover_packages(colcon_meta) discover
[0.124s] Level 1:colcon.colcon_core.package_discovery:discover_packages(recursive) discover
[0.124s] INFO:colcon.colcon_core.package_discovery:Crawling recursively for packages in '/home/rahul/AiStätt/RoboSense-Fusion'
[0.124s] Level 1:colcon.colcon_core.package_identification:_identify(.) by extensions ['ignore', 'ignore_ament_install']
[0.124s] Level 1:colcon.colcon_core.package_identification:_identify(.) by extension 'ignore'
[0.125s] Level 1:colcon.colcon_core.package_identification:_identify(.) by extension 'ignore_ament_install'
[0.125s] Level 1:colcon.colcon_core.package_identification:_identify(.) by extensions ['colcon_pkg']
[0.125s] Level 1:colcon.colcon_core.package_identification:_identify(.) by extension 'colcon_pkg'
[0.125s] Level 1:colcon.colcon_core.package_identification:_identify(.) by extensions ['colcon_meta']
[0.125s] Level 1:colcon.colcon_core.package_identification:_identify(.) by extension 'colcon_meta'
[0.125s] Level 1:colcon.colcon_core.package_identification:_identify(.) by extensions ['ros']
[0.125s] Level 1:colcon.colcon_core.package_identification:_identify(.) by extension 'ros'
[0.147s] Level 1:colcon.colcon_core.package_identification:_identify(.) by extensions ['cmake', 'python']
[0.147s] Level 1:colcon.colcon_core.package_identification:_identify(.) by extension 'cmake'
[0.147s] Level 1:colcon.colcon_core.package_identification:_identify(.) by extension 'python'
[0.147s] Level 1:colcon.colcon_core.package_identification:_identify(.) by extensions ['python_setup_py']
[0.147s] Level 1:colcon.colcon_core.package_identification:_identify(.) by extension 'python_setup_py'
[0.147s] Level 1:colcon.colcon_core.package_identification:_identify(build) by extensions ['ignore', 'ignore_ament_install']
[0.147s] Level 1:colcon.colcon_core.package_identification:_identify(build) by extension 'ignore'
[0.147s] Level 1:colcon.colcon_core.package_identification:_identify(build) ignored
[0.147s] Level 1:colcon.colcon_core.package_identification:_identify(install) by extensions ['ignore', 'ignore_ament_install']
[0.147s] Level 1:colcon.colcon_core.package_identification:_identify(install) by extension 'ignore'
[0.147s] Level 1:colcon.colcon_core.package_identification:_identify(install) ignored
[0.147s] Level 1:colcon.colcon_core.package_identification:_identify(log) by extensions ['ignore', 'ignore_ament_install']
[0.148s] Level 1:colcon.colcon_core.package_identification:_identify(log) by extension 'ignore'
[0.148s] Level 1:colcon.colcon_core.package_identification:_identify(log) ignored
[0.148s] Level 1:colcon.colcon_core.package_identification:_identify(src) by extensions ['ignore', 'ignore_ament_install']
[0.148s] Level 1:colcon.colcon_core.package_identification:_identify(src) by extension 'ignore'
[0.148s] Level 1:colcon.colcon_core.package_identification:_identify(src) by extension 'ignore_ament_install'
[0.148s] Level 1:colcon.colcon_core.package_identification:_identify(src) by extensions ['colcon_pkg']
[0.148s] Level 1:colcon.colcon_core.package_identification:_identify(src) by extension 'colcon_pkg'
[0.148s] Level 1:colcon.colcon_core.package_identification:_identify(src) by extensions ['colcon_meta']
[0.148s] Level 1:colcon.colcon_core.package_identification:_identify(src) by extension 'colcon_meta'
[0.148s] Level 1:colcon.colcon_core.package_identification:_identify(src) by extensions ['ros']
[0.148s] Level 1:colcon.colcon_core.package_identification:_identify(src) by extension 'ros'
[0.148s] Level 1:colcon.colcon_core.package_identification:_identify(src) by extensions ['cmake', 'python']
[0.148s] Level 1:colcon.colcon_core.package_identification:_identify(src) by extension 'cmake'
[0.148s] Level 1:colcon.colcon_core.package_identification:_identify(src) by extension 'python'
[0.148s] Level 1:colcon.colcon_core.package_identification:_identify(src) by extensions ['python_setup_py']
[0.148s] Level 1:colcon.colcon_core.package_identification:_identify(src) by extension 'python_setup_py'
[0.148s] Level 1:colcon.colcon_core.package_identification:_identify(src/camera_detection) by extensions ['ignore', 'ignore_ament_install']
[0.148s] Level 1:colcon.colcon_core.package_identification:_identify(src/camera_detection) by extension 'ignore'
[0.148s] Level 1:colcon.colcon_core.package_identification:_identify(src/camera_detection) by extension 'ignore_ament_install'
[0.149s] Level 1:colcon.colcon_core.package_identification:_identify(src/camera_detection) by extensions ['colcon_pkg']
[0.149s] Level 1:colcon.colcon_core.package_identification:_identify(src/camera_detection) by extension 'colcon_pkg'
[0.149s] Level 1:colcon.colcon_core.package_identification:_identify(src/camera_detection) by extensions ['colcon_meta']
[0.149s] Level 1:colcon.colcon_core.package_identification:_identify(src/camera_detection) by extension 'colcon_meta'
[0.149s] Level 1:colcon.colcon_core.package_identification:_identify(src/camera_detection) by extensions ['ros']
[0.149s] Level 1:colcon.colcon_core.package_identification:_identify(src/camera_detection) by extension 'ros'
[0.151s] DEBUG:colcon.colcon_core.package_identification:Package 'src/camera_detection' with type 'ros.ament_cmake' and name 'camera_detection'
[0.151s] Level 1:colcon.colcon_core.package_identification:_identify(src/camera_node) by extensions ['ignore', 'ignore_ament_install']
[0.151s] Level 1:colcon.colcon_core.package_identification:_identify(src/camera_node) by extension 'ignore'
[0.151s] Level 1:colcon.colcon_core.package_identification:_identify(src/camera_node) by extension 'ignore_ament_install'
[0.151s] Level 1:colcon.colcon_core.package_identification:_identify(src/camera_node) by extensions ['colcon_pkg']
[0.151s] Level 1:colcon.colcon_core.package_identification:_identify(src/camera_node) by extension 'colcon_pkg'
[0.151s] Level 1:colcon.colcon_core.package_identification:_identify(src/camera_node) by extensions ['colcon_meta']
[0.151s] Level 1:colcon.colcon_core.package_identification:_identify(src/camera_node) by extension 'colcon_meta'
[0.151s] Level 1:colcon.colcon_core.package_identification:_identify(src/camera_node) by extensions ['ros']
[0.151s] Level 1:colcon.colcon_core.package_identification:_identify(src/camera_node) by extension 'ros'
[0.152s] DEBUG:colcon.colcon_core.package_identification:Package 'src/camera_node' with type 'ros.ament_cmake' and name 'camera_node'
[0.152s] Level 1:colcon.colcon_core.package_identification:_identify(src/camera_preprocess) by extensions ['ignore', 'ignore_ament_install']
[0.152s] Level 1:colcon.colcon_core.package_identification:_identify(src/camera_preprocess) by extension 'ignore'
[0.152s] Level 1:colcon.colcon_core.package_identification:_identify(src/camera_preprocess) by extension 'ignore_ament_install'
[0.152s] Level 1:colcon.colcon_core.package_identification:_identify(src/camera_preprocess) by extensions ['colcon_pkg']
[0.152s] Level 1:colcon.colcon_core.package_identification:_identify(src/camera_preprocess) by extension 'colcon_pkg'
[0.152s] Level 1:colcon.colcon_core.package_identification:_identify(src/camera_preprocess) by extensions ['colcon_meta']
[0.152s] Level 1:colcon.colcon_core.package_identification:_identify(src/camera_preprocess) by extension 'colcon_meta'
[0.152s] Level 1:colcon.colcon_core.package_identification:_identify(src/camera_preprocess) by extensions ['ros']
[0.152s] Level 1:colcon.colcon_core.package_identification:_identify(src/camera_preprocess) by extension 'ros'
[0.153s] DEBUG:colcon.colcon_core.package_identification:Package 'src/camera_preprocess' with type 'ros.ament_cmake' and name 'camera_preprocess'
[0.153s] Level 1:colcon.colcon_core.package_discovery:discover_packages(recursive) using defaults
[0.153s] Level 1:colcon.colcon_core.package_discovery:discover_packages(ignore) discover
[0.153s] Level 1:colcon.colcon_core.package_discovery:discover_packages(ignore) using defaults
[0.153s] Level 1:colcon.colcon_core.package_discovery:discover_packages(path) discover
[0.153s] Level 1:colcon.colcon_core.package_discovery:discover_packages(path) using defaults
[0.172s] Level 1:colcon.colcon_core.package_discovery:discover_packages(prefix_path) check parameters
[0.172s] Level 1:colcon.colcon_core.package_discovery:discover_packages(prefix_path) discover
[0.174s] DEBUG:colcon.colcon_installed_package_information.package_discovery:Found 3 installed packages in /home/rahul/AiStätt/RoboSense-Fusion/install
[0.176s] DEBUG:colcon.colcon_installed_package_information.package_discovery:Found 286 installed packages in /opt/ros/jazzy
[0.177s] Level 1:colcon.colcon_core.package_discovery:discover_packages(prefix_path) using defaults
[0.216s] Level 5:colcon.colcon_core.verb:set package 'camera_detection' build argument 'cmake_args' from command line to 'None'
[0.216s] Level 5:colcon.colcon_core.verb:set package 'camera_detection' build argument 'cmake_target' from command line to 'None'
[0.216s] Level 5:colcon.colcon_core.verb:set package 'camera_detection' build argument 'cmake_target_skip_unavailable' from command line to 'False'
[0.216s] Level 5:colcon.colcon_core.verb:set package 'camera_detection' build argument 'cmake_clean_cache' from command line to 'False'
[0.216s] Level 5:colcon.colcon_core.verb:set package 'camera_detection' build argument 'cmake_clean_first' from command line to 'False'
[0.216s] Level 5:colcon.colcon_core.verb:set package 'camera_detection' build argument 'cmake_force_configure' from command line to 'False'
[0.216s] Level 5:colcon.colcon_core.verb:set package 'camera_detection' build argument 'ament_cmake_args' from command line to 'None'
[0.216s] Level 5:colcon.colcon_core.verb:set package 'camera_detection' build argument 'catkin_cmake_args' from command line to 'None'
[0.216s] Level 5:colcon.colcon_core.verb:set package 'camera_detection' build argument 'catkin_skip_building_tests' from command line to 'False'
[0.216s] DEBUG:colcon.colcon_core.verb:Building package 'camera_detection' with the following arguments: {'ament_cmake_args': None, 'build_base': '/home/rahul/AiStätt/RoboSense-Fusion/build/camera_detection', 'catkin_cmake_args': None, 'catkin_skip_building_tests': False, 'cmake_args': None, 'cmake_clean_cache': False, 'cmake_clean_first': False, 'cmake_force_configure': False, 'cmake_target': None, 'cmake_target_skip_unavailable': False, 'install_base': '/home/rahul/AiStätt/RoboSense-Fusion/install/camera_detection', 'merge_install': False, 'path': '/home/rahul/AiStätt/RoboSense-Fusion/src/camera_detection', 'symlink_install': True, 'test_result_base': None}
[0.216s] Level 5:colcon.colcon_core.verb:set package 'camera_node' build argument 'cmake_args' from command line to 'None'
[0.216s] Level 5:colcon.colcon_core.verb:set package 'camera_node' build argument 'cmake_target' from command line to 'None'
[0.216s] Level 5:colcon.colcon_core.verb:set package 'camera_node' build argument 'cmake_target_skip_unavailable' from command line to 'False'
[0.216s] Level 5:colcon.colcon_core.verb:set package 'camera_node' build argument 'cmake_clean_cache' from command line to 'False'
[0.216s] Level 5:colcon.colcon_core.verb:set package 'camera_node' build argument 'cmake_clean_first' from command line to 'False'
[0.216s] Level 5:colcon.colcon_core.verb:set package 'camera_node' build argument 'cmake_force_configure' from command line to 'False'
[0.217s] Level 5:colcon.colcon_core.verb:set package 'camera_node' build argument 'ament_cmake_args' from command line to 'None'
[0.217s] Level 5:colcon.colcon_core.verb:set package 'camera_node' build argument 'catkin_cmake_args' from command line to 'None'
[0.217s] Level 5:colcon.colcon_core.verb:set package 'camera_node' build argument 'catkin_skip_building_tests' from command line to 'False'
[0.217s] DEBUG:colcon.colcon_core.verb:Building package 'camera_node' with the following arguments: {'ament_cmake_args': None, 'build_base': '/home/rahul/AiStätt/RoboSense-Fusion/build/camera_node', 'catkin_cmake_args': None, 'catkin_skip_building_tests': False, 'cmake_args': None, 'cmake_clean_cache': False, 'cmake_clean_first': False, 'cmake_force_configure': False, 'cmake_target': None, 'cmake_target_skip_unavailable': False, 'install_base': '/home/rahul/AiStätt/RoboSense-Fusion/install/camera_node', 'merge_install': False, 'path': '/home/rahul/AiStätt/RoboSense-Fusion/src/camera_node', 'symlink_install': True, 'test_result_base': None}
[0.217s] Level 5:colcon.colcon_core.verb:set package 'camera_preprocess' build argument 'cmake_args' from command line to 'None'
[0.217s] Level 5:colcon.colcon_core.verb:set package 'camera_preprocess' build argument 'cmake_target' from command line to 'None'
[0.217s] Level 5:colcon.colcon_core.verb:set package 'camera_preprocess' build argument 'cmake_target_skip_unavailable' from command line to 'False'
[0.217s] Level 5:colcon.colcon_core.verb:set package 'camera_preprocess' build argument 'cmake_clean_cache' from command line to 'False'
[0.217s] Level 5:colcon.colcon_core.verb:set package 'camera_preprocess' build argument 'cmake_clean_first' from command line to 'False'
[0.217s] Level 5:colcon.colcon_core.verb:set package 'camera_preprocess' build argument 'cmake_force_configure' from command line to 'False'
[0.217s] Level 5:colcon.colcon_core.verb:set package 'camera_preprocess' build argument 'ament_cmake_args' from command line to 'None'
[0.217s] Level 5:colcon.colcon_core.verb:set package 'camera_preprocess' build argument 'catkin_cmake_args' from command line to 'None'
[0.217s] Level 5:colcon.colcon_core.verb:set package 'camera_preprocess' build argument 'catkin_skip_building_tests' from command line to 'False'
[0.217s] DEBUG:colcon.colcon_core.verb:Building package 'camera_preprocess' with the following arguments: {'ament_cmake_args': None, 'build_base': '/home/rahul/AiStätt/RoboSense-Fusion/build/camera_preprocess', 'catkin_cmake_args': None, 'catkin_skip_building_tests': False, 'cmake_args': None, 'cmake_clean_cache': False, 'cmake_clean_first': False, 'cmake_force_configure': False, 'cmake_target': None, 'cmake_target_skip_unavailable': False, 'install_base': '/home/rahul/AiStätt/RoboSense-Fusion/install/camera_preprocess', 'merge_install': False, 'path': '/home/rahul/AiStätt/RoboSense-Fusion/src/camera_preprocess', 'symlink_install': True, 'test_result_base': None}
[0.217s] INFO:colcon.colcon_core.executor:Executing jobs using 'parallel' executor
[0.218s] DEBUG:colcon.colcon_parallel_executor.executor.parallel:run_until_complete
[0.218s] INFO:colcon.colcon_ros.task.ament_cmake.build:Building ROS package in '/home/rahul/AiStätt/RoboSense-Fusion/src/camera_detection' with build type 'ament_cmake'
[0.218s] INFO:colcon.colcon_cmake.task.cmake.build:Building CMake package in '/home/rahul/AiStätt/RoboSense-Fusion/src/camera_detection'
[0.220s] INFO:colcon.colcon_core.plugin_system:Skipping extension 'colcon_core.shell.bat': Not used on non-Windows systems
[0.220s] INFO:colcon.colcon_core.shell:Skip shell extension 'powershell' for command environment: Not usable outside of PowerShell
[0.220s] DEBUG:colcon.colcon_core.shell:Skip shell extension 'dsv' for command environment
[0.223s] INFO:colcon.colcon_ros.task.ament_cmake.build:Building ROS package in '/home/rahul/AiStätt/RoboSense-Fusion/src/camera_node' with build type 'ament_cmake'
[0.223s] INFO:colcon.colcon_cmake.task.cmake.build:Building CMake package in '/home/rahul/AiStätt/RoboSense-Fusion/src/camera_node'
[0.224s] INFO:colcon.colcon_core.shell:Skip shell extension 'powershell' for command environment: Not usable outside of PowerShell
[0.224s] DEBUG:colcon.colcon_core.shell:Skip shell extension 'dsv' for command environment
[0.228s] INFO:colcon.colcon_ros.task.ament_cmake.build:Building ROS package in '/home/rahul/AiStätt/RoboSense-Fusion/src/camera_preprocess' with build type 'ament_cmake'
[0.228s] INFO:colcon.colcon_cmake.task.cmake.build:Building CMake package in '/home/rahul/AiStätt/RoboSense-Fusion/src/camera_preprocess'
[0.228s] INFO:colcon.colcon_core.shell:Skip shell extension 'powershell' for command environment: Not usable outside of PowerShell
[0.228s] DEBUG:colcon.colcon_core.shell:Skip shell extension 'dsv' for command environment
[0.236s] DEBUG:colcon.colcon_core.event_handler.log_command:Invoking command in '/home/rahul/AiStätt/RoboSense-Fusion/build/camera_detection': CMAKE_PREFIX_PATH=${CMAKE_PREFIX_PATH}:/opt/ros/jazzy DEBUGINFOD_URLS=https://debuginfod.ubuntu.com /usr/bin/cmake --build /home/rahul/AiStätt/RoboSense-Fusion/build/camera_detection -- -j8 -l8
[0.240s] DEBUG:colcon.colcon_core.event_handler.log_command:Invoking command in '/home/rahul/AiStätt/RoboSense-Fusion/build/camera_node': CMAKE_PREFIX_PATH=${CMAKE_PREFIX_PATH}:/opt/ros/jazzy DEBUGINFOD_URLS=https://debuginfod.ubuntu.com /usr/bin/cmake --build /home/rahul/AiStätt/RoboSense-Fusion/build/camera_node -- -j8 -l8
[0.244s] DEBUG:colcon.colcon_core.event_handler.log_command:Invoking command in '/home/rahul/AiStätt/RoboSense-Fusion/build/camera_preprocess': CMAKE_PREFIX_PATH=${CMAKE_PREFIX_PATH}:/opt/ros/jazzy DEBUGINFOD_URLS=https://debuginfod.ubuntu.com /usr/bin/cmake --build /home/rahul/AiStätt/RoboSense-Fusion/build/camera_preprocess -- -j8 -l8
[0.278s] DEBUG:colcon.colcon_core.event_handler.log_command:Invoked command in '/home/rahul/AiStätt/RoboSense-Fusion/build/camera_detection' returned '0': CMAKE_PREFIX_PATH=${CMAKE_PREFIX_PATH}:/opt/ros/jazzy DEBUGINFOD_URLS=https://debuginfod.ubuntu.com /usr/bin/cmake --build /home/rahul/AiStätt/RoboSense-Fusion/build/camera_detection -- -j8 -l8
[0.286s] DEBUG:colcon.colcon_core.event_handler.log_command:Invoking command in '/home/rahul/AiStätt/RoboSense-Fusion/build/camera_detection': CMAKE_PREFIX_PATH=${CMAKE_PREFIX_PATH}:/opt/ros/jazzy DEBUGINFOD_URLS=https://debuginfod.ubuntu.com /usr/bin/cmake --install /home/rahul/AiStätt/RoboSense-Fusion/build/camera_detection
[0.288s] DEBUG:colcon.colcon_core.event_handler.log_command:Invoked command in '/home/rahul/AiStätt/RoboSense-Fusion/build/camera_preprocess' returned '0': CMAKE_PREFIX_PATH=${CMAKE_PREFIX_PATH}:/opt/ros/jazzy DEBUGINFOD_URLS=https://debuginfod.ubuntu.com /usr/bin/cmake --build /home/rahul/AiStätt/RoboSense-Fusion/build/camera_preprocess -- -j8 -l8
[0.289s] DEBUG:colcon.colcon_core.event_handler.log_command:Invoking command in '/home/rahul/AiStätt/RoboSense-Fusion/build/camera_preprocess': CMAKE_PREFIX_PATH=${CMAKE_PREFIX_PATH}:/opt/ros/jazzy DEBUGINFOD_URLS=https://debuginfod.ubuntu.com /usr/bin/cmake --install /home/rahul/AiStätt/RoboSense-Fusion/build/camera_preprocess
[0.309s] Level 1:colcon.colcon_core.environment:create_environment_scripts_only(camera_detection)
[0.309s] DEBUG:colcon.colcon_core.event_handler.log_command:Invoked command in '/home/rahul/AiStätt/RoboSense-Fusion/build/camera_detection' returned '0': CMAKE_PREFIX_PATH=${CMAKE_PREFIX_PATH}:/opt/ros/jazzy DEBUGINFOD_URLS=https://debuginfod.ubuntu.com /usr/bin/cmake --install /home/rahul/AiStätt/RoboSense-Fusion/build/camera_detection
[0.311s] Level 1:colcon.colcon_core.environment:checking '/home/rahul/AiStätt/RoboSense-Fusion/install/camera_detection' for CMake module files
[0.312s] Level 1:colcon.colcon_core.environment:checking '/home/rahul/AiStätt/RoboSense-Fusion/install/camera_detection' for CMake config files
[0.312s] Level 1:colcon.colcon_core.shell:create_environment_hook('camera_detection', 'cmake_prefix_path')
[0.312s] INFO:colcon.colcon_core.shell:Creating environment hook '/home/rahul/AiStätt/RoboSense-Fusion/install/camera_detection/share/camera_detection/hook/cmake_prefix_path.ps1'
[0.313s] INFO:colcon.colcon_core.shell:Creating environment descriptor '/home/rahul/AiStätt/RoboSense-Fusion/install/camera_detection/share/camera_detection/hook/cmake_prefix_path.dsv'
[0.313s] INFO:colcon.colcon_core.shell:Creating environment hook '/home/rahul/AiStätt/RoboSense-Fusion/install/camera_detection/share/camera_detection/hook/cmake_prefix_path.sh'
[0.314s] Level 1:colcon.colcon_core.environment:checking '/home/rahul/AiStätt/RoboSense-Fusion/install/camera_detection/bin'
[0.314s] Level 1:colcon.colcon_core.environment:checking '/home/rahul/AiStätt/RoboSense-Fusion/install/camera_detection/lib/pkgconfig/camera_detection.pc'
[0.314s] Level 1:colcon.colcon_core.environment:checking '/home/rahul/AiStätt/RoboSense-Fusion/install/camera_detection/lib/python3.12/site-packages'
[0.315s] Level 1:colcon.colcon_core.environment:checking '/home/rahul/AiStätt/RoboSense-Fusion/install/camera_detection/bin'
[0.315s] INFO:colcon.colcon_core.shell:Creating package script '/home/rahul/AiStätt/RoboSense-Fusion/install/camera_detection/share/camera_detection/package.ps1'
[0.316s] INFO:colcon.colcon_core.shell:Creating package descriptor '/home/rahul/AiStätt/RoboSense-Fusion/install/camera_detection/share/camera_detection/package.dsv'
[0.316s] INFO:colcon.colcon_core.shell:Creating package script '/home/rahul/AiStätt/RoboSense-Fusion/install/camera_detection/share/camera_detection/package.sh'
[0.317s] INFO:colcon.colcon_core.shell:Creating package script '/home/rahul/AiStätt/RoboSense-Fusion/install/camera_detection/share/camera_detection/package.bash'
[0.317s] INFO:colcon.colcon_core.shell:Creating package script '/home/rahul/AiStätt/RoboSense-Fusion/install/camera_detection/share/camera_detection/package.zsh'
[0.317s] Level 1:colcon.colcon_core.environment:create_file_with_runtime_dependencies(/home/rahul/AiStätt/RoboSense-Fusion/install/camera_detection/share/colcon-core/packages/camera_detection)
[0.318s] Level 1:colcon.colcon_core.environment:create_environment_scripts_only(camera_detection)
[0.318s] Level 1:colcon.colcon_core.environment:checking '/home/rahul/AiStätt/RoboSense-Fusion/install/camera_detection' for CMake module files
[0.319s] Level 1:colcon.colcon_core.environment:checking '/home/rahul/AiStätt/RoboSense-Fusion/install/camera_detection' for CMake config files
[0.319s] Level 1:colcon.colcon_core.shell:create_environment_hook('camera_detection', 'cmake_prefix_path')
[0.319s] INFO:colcon.colcon_core.shell:Creating environment hook '/home/rahul/AiStätt/RoboSense-Fusion/install/camera_detection/share/camera_detection/hook/cmake_prefix_path.ps1'
[0.320s] INFO:colcon.colcon_core.shell:Creating environment descriptor '/home/rahul/AiStätt/RoboSense-Fusion/install/camera_detection/share/camera_detection/hook/cmake_prefix_path.dsv'
[0.320s] INFO:colcon.colcon_core.shell:Creating environment hook '/home/rahul/AiStätt/RoboSense-Fusion/install/camera_detection/share/camera_detection/hook/cmake_prefix_path.sh'
[0.320s] Level 1:colcon.colcon_core.environment:checking '/home/rahul/AiStätt/RoboSense-Fusion/install/camera_detection/bin'
[0.320s] Level 1:colcon.colcon_core.environment:checking '/home/rahul/AiStätt/RoboSense-Fusion/install/camera_detection/lib/pkgconfig/camera_detection.pc'
[0.321s] Level 1:colcon.colcon_core.environment:checking '/home/rahul/AiStätt/RoboSense-Fusion/install/camera_detection/lib/python3.12/site-packages'
[0.321s] Level 1:colcon.colcon_core.environment:checking '/home/rahul/AiStätt/RoboSense-Fusion/install/camera_detection/bin'
[0.321s] INFO:colcon.colcon_core.shell:Creating package script '/home/rahul/AiStätt/RoboSense-Fusion/install/camera_detection/share/camera_detection/package.ps1'
[0.322s] INFO:colcon.colcon_core.shell:Creating package descriptor '/home/rahul/AiStätt/RoboSense-Fusion/install/camera_detection/share/camera_detection/package.dsv'
[0.322s] INFO:colcon.colcon_core.shell:Creating package script '/home/rahul/AiStätt/RoboSense-Fusion/install/camera_detection/share/camera_detection/package.sh'
[0.322s] INFO:colcon.colcon_core.shell:Creating package script '/home/rahul/AiStätt/RoboSense-Fusion/install/camera_detection/share/camera_detection/package.bash'
[0.323s] INFO:colcon.colcon_core.shell:Creating package script '/home/rahul/AiStätt/RoboSense-Fusion/install/camera_detection/share/camera_detection/package.zsh'
[0.323s] Level 1:colcon.colcon_core.environment:create_file_with_runtime_dependencies(/home/rahul/AiStätt/RoboSense-Fusion/install/camera_detection/share/colcon-core/packages/camera_detection)
[0.324s] Level 1:colcon.colcon_core.environment:create_environment_scripts_only(camera_preprocess)
[0.324s] Level 1:colcon.colcon_core.environment:checking '/home/rahul/AiStätt/RoboSense-Fusion/install/camera_preprocess' for CMake module files
[0.325s] Level 1:colcon.colcon_core.environment:checking '/home/rahul/AiStätt/RoboSense-Fusion/install/camera_preprocess' for CMake config files
[0.326s] DEBUG:colcon.colcon_core.event_handler.log_command:Invoked command in '/home/rahul/AiStätt/RoboSense-Fusion/build/camera_preprocess' returned '0': CMAKE_PREFIX_PATH=${CMAKE_PREFIX_PATH}:/opt/ros/jazzy DEBUGINFOD_URLS=https://debuginfod.ubuntu.com /usr/bin/cmake --install /home/rahul/AiStätt/RoboSense-Fusion/build/camera_preprocess
[0.326s] Level 1:colcon.colcon_core.shell:create_environment_hook('camera_preprocess', 'cmake_prefix_path')
[0.326s] INFO:colcon.colcon_core.shell:Creating environment hook '/home/rahul/AiStätt/RoboSense-Fusion/install/camera_preprocess/share/camera_preprocess/hook/cmake_prefix_path.ps1'
[0.327s] INFO:colcon.colcon_core.shell:Creating environment descriptor '/home/rahul/AiStätt/RoboSense-Fusion/install/camera_preprocess/share/camera_preprocess/hook/cmake_prefix_path.dsv'
[0.327s] INFO:colcon.colcon_core.shell:Creating environment hook '/home/rahul/AiStätt/RoboSense-Fusion/install/camera_preprocess/share/camera_preprocess/hook/cmake_prefix_path.sh'
[0.328s] Level 1:colcon.colcon_core.environment:checking '/home/rahul/AiStätt/RoboSense-Fusion/install/camera_preprocess/bin'
[0.328s] Level 1:colcon.colcon_core.environment:checking '/home/rahul/AiStätt/RoboSense-Fusion/install/camera_preprocess/lib/pkgconfig/camera_preprocess.pc'
[0.328s] Level 1:colcon.colcon_core.environment:checking '/home/rahul/AiStätt/RoboSense-Fusion/install/camera_preprocess/lib/python3.12/site-packages'
[0.328s] Level 1:colcon.colcon_core.environment:checking '/home/rahul/AiStätt/RoboSense-Fusion/install/camera_preprocess/bin'
[0.328s] INFO:colcon.colcon_core.shell:Creating package script '/home/rahul/AiStätt/RoboSense-Fusion/install/camera_preprocess/share/camera_preprocess/package.ps1'
[0.329s] INFO:colcon.colcon_core.shell:Creating package descriptor '/home/rahul/AiStätt/RoboSense-Fusion/install/camera_preprocess/share/camera_preprocess/package.dsv'
[0.329s] INFO:colcon.colcon_core.shell:Creating package script '/home/rahul/AiStätt/RoboSense-Fusion/install/camera_preprocess/share/camera_preprocess/package.sh'
[0.330s] INFO:colcon.colcon_core.shell:Creating package script '/home/rahul/AiStätt/RoboSense-Fusion/install/camera_preprocess/share/camera_preprocess/package.bash'
[0.330s] INFO:colcon.colcon_core.shell:Creating package script '/home/rahul/AiStätt/RoboSense-Fusion/install/camera_preprocess/share/camera_preprocess/package.zsh'
[0.330s] Level 1:colcon.colcon_core.environment:create_file_with_runtime_dependencies(/home/rahul/AiStätt/RoboSense-Fusion/install/camera_preprocess/share/colcon-core/packages/camera_preprocess)
[0.331s] Level 1:colcon.colcon_core.environment:create_environment_scripts_only(camera_preprocess)
[0.331s] Level 1:colcon.colcon_core.environment:checking '/home/rahul/AiStätt/RoboSense-Fusion/install/camera_preprocess' for CMake module files
[0.331s] Level 1:colcon.colcon_core.environment:checking '/home/rahul/AiStätt/RoboSense-Fusion/install/camera_preprocess' for CMake config files
[0.331s] Level 1:colcon.colcon_core.shell:create_environment_hook('camera_preprocess', 'cmake_prefix_path')
[0.332s] INFO:colcon.colcon_core.shell:Creating environment hook '/home/rahul/AiStätt/RoboSense-Fusion/install/camera_preprocess/share/camera_preprocess/hook/cmake_prefix_path.ps1'
[0.332s] INFO:colcon.colcon_core.shell:Creating environment descriptor '/home/rahul/AiStätt/RoboSense-Fusion/install/camera_preprocess/share/camera_preprocess/hook/cmake_prefix_path.dsv'
[0.332s] INFO:colcon.colcon_core.shell:Creating environment hook '/home/rahul/AiStätt/RoboSense-Fusion/install/camera_preprocess/share/camera_preprocess/hook/cmake_prefix_path.sh'
[0.333s] Level 1:colcon.colcon_core.environment:checking '/home/rahul/AiStätt/RoboSense-Fusion/install/camera_preprocess/bin'
[0.333s] Level 1:colcon.colcon_core.environment:checking '/home/rahul/AiStätt/RoboSense-Fusion/install/camera_preprocess/lib/pkgconfig/camera_preprocess.pc'
[0.333s] Level 1:colcon.colcon_core.environment:checking '/home/rahul/AiStätt/RoboSense-Fusion/install/camera_preprocess/lib/python3.12/site-packages'
[0.334s] Level 1:colcon.colcon_core.environment:checking '/home/rahul/AiStätt/RoboSense-Fusion/install/camera_preprocess/bin'
[0.334s] INFO:colcon.colcon_core.shell:Creating package script '/home/rahul/AiStätt/RoboSense-Fusion/install/camera_preprocess/share/camera_preprocess/package.ps1'
[0.334s] INFO:colcon.colcon_core.shell:Creating package descriptor '/home/rahul/AiStätt/RoboSense-Fusion/install/camera_preprocess/share/camera_preprocess/package.dsv'
[0.335s] INFO:colcon.colcon_core.shell:Creating package script '/home/rahul/AiStätt/RoboSense-Fusion/install/camera_preprocess/share/camera_preprocess/package.sh'
[0.335s] INFO:colcon.colcon_core.shell:Creating package script '/home/rahul/AiStätt/RoboSense-Fusion/install/camera_preprocess/share/camera_preprocess/package.bash'
[0.336s] INFO:colcon.colcon_core.shell:Creating package script '/home/rahul/AiStätt/RoboSense-Fusion/install/camera_preprocess/share/camera_preprocess/package.zsh'
[0.336s] Level 1:colcon.colcon_core.environment:create_file_with_runtime_dependencies(/home/rahul/AiStätt/RoboSense-Fusion/install/camera_preprocess/share/colcon-core/packages/camera_preprocess)
[7.107s] DEBUG:colcon.colcon_core.event_handler.log_command:Invoked command in '/home/rahul/AiStätt/RoboSense-Fusion/build/camera_node' returned '0': CMAKE_PREFIX_PATH=${CMAKE_PREFIX_PATH}:/opt/ros/jazzy DEBUGINFOD_URLS=https://debuginfod.ubuntu.com /usr/bin/cmake --build /home/rahul/AiStätt/RoboSense-Fusion/build/camera_node -- -j8 -l8
[7.108s] DEBUG:colcon.colcon_core.event_handler.log_command:Invoking command in '/home/rahul/AiStätt/RoboSense-Fusion/build/camera_node': CMAKE_PREFIX_PATH=${CMAKE_PREFIX_PATH}:/opt/ros/jazzy DEBUGINFOD_URLS=https://debuginfod.ubuntu.com /usr/bin/cmake --install /home/rahul/AiStätt/RoboSense-Fusion/build/camera_node
[7.211s] Level 1:colcon.colcon_core.environment:create_environment_scripts_only(camera_node)
[7.211s] Level 1:colcon.colcon_core.environment:checking '/home/rahul/AiStätt/RoboSense-Fusion/install/camera_node' for CMake module files
[7.211s] DEBUG:colcon.colcon_core.event_handler.log_command:Invoked command in '/home/rahul/AiStätt/RoboSense-Fusion/build/camera_node' returned '0': CMAKE_PREFIX_PATH=${CMAKE_PREFIX_PATH}:/opt/ros/jazzy DEBUGINFOD_URLS=https://debuginfod.ubuntu.com /usr/bin/cmake --install /home/rahul/AiStätt/RoboSense-Fusion/build/camera_node
[7.212s] Level 1:colcon.colcon_core.environment:checking '/home/rahul/AiStätt/RoboSense-Fusion/install/camera_node' for CMake config files
[7.212s] Level 1:colcon.colcon_core.shell:create_environment_hook('camera_node', 'cmake_prefix_path')
[7.212s] INFO:colcon.colcon_core.shell:Creating environment hook '/home/rahul/AiStätt/RoboSense-Fusion/install/camera_node/share/camera_node/hook/cmake_prefix_path.ps1'
[7.212s] INFO:colcon.colcon_core.shell:Creating environment descriptor '/home/rahul/AiStätt/RoboSense-Fusion/install/camera_node/share/camera_node/hook/cmake_prefix_path.dsv'
[7.213s] INFO:colcon.colcon_core.shell:Creating environment hook '/home/rahul/AiStätt/RoboSense-Fusion/install/camera_node/share/camera_node/hook/cmake_prefix_path.sh'
[7.213s] Level 1:colcon.colcon_core.environment:checking '/home/rahul/AiStätt/RoboSense-Fusion/install/camera_node/lib'
[7.213s] Level 1:colcon.colcon_core.environment:checking '/home/rahul/AiStätt/RoboSense-Fusion/install/camera_node/bin'
[7.213s] Level 1:colcon.colcon_core.environment:checking '/home/rahul/AiStätt/RoboSense-Fusion/install/camera_node/lib/pkgconfig/camera_node.pc'
[7.214s] Level 1:colcon.colcon_core.environment:checking '/home/rahul/AiStätt/RoboSense-Fusion/install/camera_node/lib/python3.12/site-packages'
[7.214s] Level 1:colcon.colcon_core.environment:checking '/home/rahul/AiStätt/RoboSense-Fusion/install/camera_node/bin'
[7.214s] INFO:colcon.colcon_core.shell:Creating package script '/home/rahul/AiStätt/RoboSense-Fusion/install/camera_node/share/camera_node/package.ps1'
[7.214s] INFO:colcon.colcon_core.shell:Creating package descriptor '/home/rahul/AiStätt/RoboSense-Fusion/install/camera_node/share/camera_node/package.dsv'
[7.215s] INFO:colcon.colcon_core.shell:Creating package script '/home/rahul/AiStätt/RoboSense-Fusion/install/camera_node/share/camera_node/package.sh'
[7.215s] INFO:colcon.colcon_core.shell:Creating package script '/home/rahul/AiStätt/RoboSense-Fusion/install/camera_node/share/camera_node/package.bash'
[7.215s] INFO:colcon.colcon_core.shell:Creating package script '/home/rahul/AiStätt/RoboSense-Fusion/install/camera_node/share/camera_node/package.zsh'
[7.215s] Level 1:colcon.colcon_core.environment:create_file_with_runtime_dependencies(/home/rahul/AiStätt/RoboSense-Fusion/install/camera_node/share/colcon-core/packages/camera_node)
[7.216s] Level 1:colcon.colcon_core.environment:create_environment_scripts_only(camera_node)
[7.216s] Level 1:colcon.colcon_core.environment:checking '/home/rahul/AiStätt/RoboSense-Fusion/install/camera_node' for CMake module files
[7.216s] Level 1:colcon.colcon_core.environment:checking '/home/rahul/AiStätt/RoboSense-Fusion/install/camera_node' for CMake config files
[7.216s] Level 1:colcon.colcon_core.shell:create_environment_hook('camera_node', 'cmake_prefix_path')
[7.216s] INFO:colcon.colcon_core.shell:Creating environment hook '/home/rahul/AiStätt/RoboSense-Fusion/install/camera_node/share/camera_node/hook/cmake_prefix_path.ps1'
[7.217s] INFO:colcon.colcon_core.shell:Creating environment descriptor '/home/rahul/AiStätt/RoboSense-Fusion/install/camera_node/share/camera_node/hook/cmake_prefix_path.dsv'
[7.217s] INFO:colcon.colcon_core.shell:Creating environment hook '/home/rahul/AiStätt/RoboSense-Fusion/install/camera_node/share/camera_node/hook/cmake_prefix_path.sh'
[7.217s] Level 1:colcon.colcon_core.environment:checking '/home/rahul/AiStätt/RoboSense-Fusion/install/camera_node/lib'
[7.217s] Level 1:colcon.colcon_core.environment:checking '/home/rahul/AiStätt/RoboSense-Fusion/install/camera_node/bin'
[7.217s] Level 1:colcon.colcon_core.environment:checking '/home/rahul/AiStätt/RoboSense-Fusion/install/camera_node/lib/pkgconfig/camera_node.pc'
[7.218s] Level 1:colcon.colcon_core.environment:checking '/home/rahul/AiStätt/RoboSense-Fusion/install/camera_node/lib/python3.12/site-packages'
[7.218s] Level 1:colcon.colcon_core.environment:checking '/home/rahul/AiStätt/RoboSense-Fusion/install/camera_node/bin'
[7.218s] INFO:colcon.colcon_core.shell:Creating package script '/home/rahul/AiStätt/RoboSense-Fusion/install/camera_node/share/camera_node/package.ps1'
[7.218s] INFO:colcon.colcon_core.shell:Creating package descriptor '/home/rahul/AiStätt/RoboSense-Fusion/install/camera_node/share/camera_node/package.dsv'
[7.219s] INFO:colcon.colcon_core.shell:Creating package script '/home/rahul/AiStätt/RoboSense-Fusion/install/camera_node/share/camera_node/package.sh'
[7.219s] INFO:colcon.colcon_core.shell:Creating package script '/home/rahul/AiStätt/RoboSense-Fusion/install/camera_node/share/camera_node/package.bash'
[7.220s] INFO:colcon.colcon_core.shell:Creating package script '/home/rahul/AiStätt/RoboSense-Fusion/install/camera_node/share/camera_node/package.zsh'
[7.220s] Level 1:colcon.colcon_core.environment:create_file_with_runtime_dependencies(/home/rahul/AiStätt/RoboSense-Fusion/install/camera_node/share/colcon-core/packages/camera_node)
[7.220s] DEBUG:colcon.colcon_parallel_executor.executor.parallel:closing loop
[7.220s] DEBUG:colcon.colcon_parallel_executor.executor.parallel:loop closed
[7.220s] DEBUG:colcon.colcon_parallel_executor.executor.parallel:run_until_complete finished with '0'
[7.220s] DEBUG:colcon.colcon_core.event_reactor:joining thread
[7.224s] INFO:colcon.colcon_core.plugin_system:Skipping extension 'colcon_notification.desktop_notification.terminal_notifier': Not used on non-Darwin systems
[7.224s] INFO:colcon.colcon_core.plugin_system:Skipping extension 'colcon_notification.desktop_notification.win32': Not used on non-Windows systems
[7.224s] INFO:colcon.colcon_notification.desktop_notification:Sending desktop notification using 'notify2'
[7.237s] DEBUG:colcon.colcon_core.event_reactor:joined thread
[7.237s] INFO:colcon.colcon_core.shell:Creating prefix script '/home/rahul/AiStätt/RoboSense-Fusion/install/local_setup.ps1'
[7.238s] INFO:colcon.colcon_core.shell:Creating prefix util module '/home/rahul/AiStätt/RoboSense-Fusion/install/_local_setup_util_ps1.py'
[7.239s] INFO:colcon.colcon_core.shell:Creating prefix chain script '/home/rahul/AiStätt/RoboSense-Fusion/install/setup.ps1'
[7.239s] INFO:colcon.colcon_core.shell:Creating prefix script '/home/rahul/AiStätt/RoboSense-Fusion/install/local_setup.sh'
[7.240s] INFO:colcon.colcon_core.shell:Creating prefix util module '/home/rahul/AiStätt/RoboSense-Fusion/install/_local_setup_util_sh.py'
[7.240s] INFO:colcon.colcon_core.shell:Creating prefix chain script '/home/rahul/AiStätt/RoboSense-Fusion/install/setup.sh'
[7.241s] INFO:colcon.colcon_core.shell:Creating prefix script '/home/rahul/AiStätt/RoboSense-Fusion/install/local_setup.bash'
[7.241s] INFO:colcon.colcon_core.shell:Creating prefix chain script '/home/rahul/AiStätt/RoboSense-Fusion/install/setup.bash'
[7.242s] INFO:colcon.colcon_core.shell:Creating prefix script '/home/rahul/AiStätt/RoboSense-Fusion/install/local_setup.zsh'
[7.242s] INFO:colcon.colcon_core.shell:Creating prefix chain script '/home/rahul/AiStätt/RoboSense-Fusion/install/setup.zsh'
