[ 50%] [32mBuilding CXX object CMakeFiles/camera_node.dir/src/camera_node.cpp.o[0m
In file included from [01m[K/opt/ros/jazzy/include/rclcpp/rclcpp/logging.hpp:24[m[K,
                 from [01m[K/opt/ros/jazzy/include/rclcpp/rclcpp/copy_all_parameter_values.hpp:27[m[K,
                 from [01m[K/opt/ros/jazzy/include/rclcpp/rclcpp/rclcpp.hpp:171[m[K,
                 from [01m[K/home/rahul/AiStätt/RoboSense-Fusion/src/camera_node/src/camera_node.cpp:1[m[K:
[01m[K/home/rahul/AiStätt/RoboSense-Fusion/src/camera_node/src/camera_node.cpp:[m[K In constructor ‘[01m[KMultiCameraNode::[01;32m[KMultiCameraNode[m[K()[m[K’:
[01m[K/home/rahul/AiStätt/RoboSense-Fusion/src/camera_node/src/camera_node.cpp:46:45:[m[K [01;35m[Kwarning: [m[Kformat ‘[01m[K%d[m[K’ expects argument of type ‘[01m[Kint[m[K’, but argument 5 has type ‘[01m[Kdouble[m[K’ [[01;35m[K]8;;https://gcc.gnu.org/onlinedocs/gcc/Warning-Options.html#index-Wformat=-Wformat=]8;;[m[K]
   46 |             RCLCPP_INFO(this->get_logger(), [01;35m[K"Camera %d resolution: %.0fx%.0f"[m[K,
      |                                             [01;35m[K^~~~~~~~~~~~~~~~~~~~~~~~~~~~~~~~~[m[K
   47 |                         [32m[Kcap.get(cv::CAP_PROP_FRAME_WIDTH)[m[K,
      |                         [32m[K~~~~~~~~~~~~~~~~~~~~~~~~~~~~~~~~~[m[K
      |                                [32m[K|[m[K
      |                                [32m[Kdouble[m[K
[01m[K/home/rahul/AiStätt/RoboSense-Fusion/src/camera_node/src/camera_node.cpp:46:54:[m[K [01;36m[Knote: [m[Kformat string is defined here
   46 |             RCLCPP_INFO(this->get_logger(), "Camera [01;36m[K%d[m[K resolution: %.0fx%.0f",
      |                                                     [01;36m[K~^[m[K
      |                                                      [01;36m[K|[m[K
      |                                                      [01;36m[Kint[m[K
      |                                                     [32m[K%f[m[K
[01m[K/home/rahul/AiStätt/RoboSense-Fusion/src/camera_node/src/camera_node.cpp:46:45:[m[K [01;35m[Kwarning: [m[Kformat ‘[01m[K%f[m[K’ expects a matching ‘[01m[Kdouble[m[K’ argument [[01;35m[K]8;;https://gcc.gnu.org/onlinedocs/gcc/Warning-Options.html#index-Wformat=-Wformat=]8;;[m[K]
   46 |             RCLCPP_INFO(this->get_logger(), [01;35m[K"Camera %d resolution: %.0fx%.0f"[m[K,
      |                                             [01;35m[K^~~~~~~~~~~~~~~~~~~~~~~~~~~~~~~~~[m[K
[01m[K/home/rahul/AiStätt/RoboSense-Fusion/src/camera_node/src/camera_node.cpp:46:76:[m[K [01;36m[Knote: [m[Kformat string is defined here
   46 |             RCLCPP_INFO(this->get_logger(), "Camera %d resolution: %.0fx[01;36m[K%.0f[m[K",
      |                                                                         [01;36m[K~~~^[m[K
      |                                                                            [01;36m[K|[m[K
      |                                                                            [01;36m[Kdouble[m[K
[100%] [32m[1mLinking CXX executable camera_node[0m
[100%] Built target camera_node
-- Install configuration: ""
-- Execute custom install script
-- Up-to-date symlink: /home/rahul/AiStätt/RoboSense-Fusion/install/camera_node/lib/camera_node/camera_node
-- Up-to-date symlink: /home/rahul/AiStätt/RoboSense-Fusion/install/camera_node/share/ament_index/resource_index/package_run_dependencies/camera_node
-- Up-to-date symlink: /home/rahul/AiStätt/RoboSense-Fusion/install/camera_node/share/ament_index/resource_index/parent_prefix_path/camera_node
-- Up-to-date symlink: /home/rahul/AiStätt/RoboSense-Fusion/install/camera_node/share/camera_node/environment/ament_prefix_path.sh
-- Up-to-date symlink: /home/rahul/AiStätt/RoboSense-Fusion/install/camera_node/share/camera_node/environment/ament_prefix_path.dsv
-- Up-to-date symlink: /home/rahul/AiStätt/RoboSense-Fusion/install/camera_node/share/camera_node/environment/path.sh
-- Up-to-date symlink: /home/rahul/AiStätt/RoboSense-Fusion/install/camera_node/share/camera_node/environment/path.dsv
-- Up-to-date symlink: /home/rahul/AiStätt/RoboSense-Fusion/install/camera_node/share/camera_node/local_setup.bash
-- Up-to-date symlink: /home/rahul/AiStätt/RoboSense-Fusion/install/camera_node/share/camera_node/local_setup.sh
-- Up-to-date symlink: /home/rahul/AiStätt/RoboSense-Fusion/install/camera_node/share/camera_node/local_setup.zsh
-- Up-to-date symlink: /home/rahul/AiStätt/RoboSense-Fusion/install/camera_node/share/camera_node/local_setup.dsv
-- Symlinking: /home/rahul/AiStätt/RoboSense-Fusion/install/camera_node/share/camera_node/package.dsv
-- Up-to-date symlink: /home/rahul/AiStätt/RoboSense-Fusion/install/camera_node/share/ament_index/resource_index/packages/camera_node
-- Up-to-date symlink: /home/rahul/AiStätt/RoboSense-Fusion/install/camera_node/share/camera_node/cmake/camera_nodeConfig.cmake
-- Up-to-date symlink: /home/rahul/AiStätt/RoboSense-Fusion/install/camera_node/share/camera_node/cmake/camera_nodeConfig-version.cmake
-- Up-to-date symlink: /home/rahul/AiStätt/RoboSense-Fusion/install/camera_node/share/camera_node/package.xml
