[0.017s] Invoking command in '/home/rahul/AiStätt/RoboSense-Fusion/build/camera_preprocess': CMAKE_PREFIX_PATH=${CMAKE_PREFIX_PATH}:/opt/ros/jazzy DEBUGINFOD_URLS=https://debuginfod.ubuntu.com /usr/bin/cmake --build /home/rahul/AiStätt/RoboSense-Fusion/build/camera_preprocess -- -j8 -l8
[0.122s] Invoked command in '/home/rahul/AiStätt/RoboSense-Fusion/build/camera_preprocess' returned '0': CMAKE_PREFIX_PATH=${CMAKE_PREFIX_PATH}:/opt/ros/jazzy DEBUGINFOD_URLS=https://debuginfod.ubuntu.com /usr/bin/cmake --build /home/rahul/AiStätt/RoboSense-Fusion/build/camera_preprocess -- -j8 -l8
[0.123s] Invoking command in '/home/rahul/AiStätt/RoboSense-Fusion/build/camera_preprocess': CMAKE_PREFIX_PATH=${CMAKE_PREFIX_PATH}:/opt/ros/jazzy DEBUGINFOD_URLS=https://debuginfod.ubuntu.com /usr/bin/cmake --install /home/rahul/AiStätt/RoboSense-Fusion/build/camera_preprocess
[0.130s] -- Install configuration: ""
[0.132s] -- Execute custom install script
[0.135s] -- Up-to-date symlink: /home/rahul/AiStätt/RoboSense-Fusion/install/camera_preprocess/share/ament_index/resource_index/package_run_dependencies/camera_preprocess
[0.135s] -- Up-to-date symlink: /home/rahul/AiStätt/RoboSense-Fusion/install/camera_preprocess/share/ament_index/resource_index/parent_prefix_path/camera_preprocess
[0.136s] -- Up-to-date symlink: /home/rahul/AiStätt/RoboSense-Fusion/install/camera_preprocess/share/camera_preprocess/environment/ament_prefix_path.sh
[0.136s] -- Up-to-date symlink: /home/rahul/AiStätt/RoboSense-Fusion/install/camera_preprocess/share/camera_preprocess/environment/ament_prefix_path.dsv
[0.136s] -- Up-to-date symlink: /home/rahul/AiStätt/RoboSense-Fusion/install/camera_preprocess/share/camera_preprocess/environment/path.sh
[0.136s] -- Up-to-date symlink: /home/rahul/AiStätt/RoboSense-Fusion/install/camera_preprocess/share/camera_preprocess/environment/path.dsv
[0.137s] -- Up-to-date symlink: /home/rahul/AiStätt/RoboSense-Fusion/install/camera_preprocess/share/camera_preprocess/local_setup.bash
[0.137s] -- Up-to-date symlink: /home/rahul/AiStätt/RoboSense-Fusion/install/camera_preprocess/share/camera_preprocess/local_setup.sh
[0.137s] -- Up-to-date symlink: /home/rahul/AiStätt/RoboSense-Fusion/install/camera_preprocess/share/camera_preprocess/local_setup.zsh
[0.137s] -- Up-to-date symlink: /home/rahul/AiStätt/RoboSense-Fusion/install/camera_preprocess/share/camera_preprocess/local_setup.dsv
[0.137s] -- Symlinking: /home/rahul/AiStätt/RoboSense-Fusion/install/camera_preprocess/share/camera_preprocess/package.dsv
[0.143s] -- Up-to-date symlink: /home/rahul/AiStätt/RoboSense-Fusion/install/camera_preprocess/share/ament_index/resource_index/packages/camera_preprocess
[0.144s] -- Up-to-date symlink: /home/rahul/AiStätt/RoboSense-Fusion/install/camera_preprocess/share/camera_preprocess/cmake/camera_preprocessConfig.cmake
[0.144s] -- Up-to-date symlink: /home/rahul/AiStätt/RoboSense-Fusion/install/camera_preprocess/share/camera_preprocess/cmake/camera_preprocessConfig-version.cmake
[0.144s] -- Up-to-date symlink: /home/rahul/AiStätt/RoboSense-Fusion/install/camera_preprocess/share/camera_preprocess/package.xml
[0.146s] Invoked command in '/home/rahul/AiStätt/RoboSense-Fusion/build/camera_preprocess' returned '0': CMAKE_PREFIX_PATH=${CMAKE_PREFIX_PATH}:/opt/ros/jazzy DEBUGINFOD_URLS=https://debuginfod.ubuntu.com /usr/bin/cmake --install /home/rahul/AiStätt/RoboSense-Fusion/build/camera_preprocess
