[ 50%] [32mBuilding CXX object CMakeFiles/camera_node.dir/src/camera_node.cpp.o[0m
[100%] [32m[1mLinking CXX executable camera_node[0m
[100%] Built target camera_node
-- Install configuration: ""
-- Execute custom install script
-- Symlinking: /home/rahul/AiStätt/RoboSense-Fusion/install/camera_node/lib/camera_node/camera_node
-- Symlinking: /home/rahul/AiStätt/RoboSense-Fusion/install/camera_node/share/ament_index/resource_index/package_run_dependencies/camera_node
-- Symlinking: /home/rahul/AiStätt/RoboSense-Fusion/install/camera_node/share/ament_index/resource_index/parent_prefix_path/camera_node
-- Symlinking: /home/rahul/AiStätt/RoboSense-Fusion/install/camera_node/share/camera_node/environment/ament_prefix_path.sh
-- Symlinking: /home/rahul/AiStätt/RoboSense-Fusion/install/camera_node/share/camera_node/environment/ament_prefix_path.dsv
-- Symlinking: /home/rahul/AiStätt/RoboSense-Fusion/install/camera_node/share/camera_node/environment/path.sh
-- Symlinking: /home/rahul/AiStätt/RoboSense-Fusion/install/camera_node/share/camera_node/environment/path.dsv
-- Symlinking: /home/rahul/AiStätt/RoboSense-Fusion/install/camera_node/share/camera_node/local_setup.bash
-- Symlinking: /home/rahul/AiStätt/RoboSense-Fusion/install/camera_node/share/camera_node/local_setup.sh
-- Symlinking: /home/rahul/AiStätt/RoboSense-Fusion/install/camera_node/share/camera_node/local_setup.zsh
-- Symlinking: /home/rahul/AiStätt/RoboSense-Fusion/install/camera_node/share/camera_node/local_setup.dsv
-- Symlinking: /home/rahul/AiStätt/RoboSense-Fusion/install/camera_node/share/camera_node/package.dsv
-- Symlinking: /home/rahul/AiStätt/RoboSense-Fusion/install/camera_node/share/ament_index/resource_index/packages/camera_node
-- Symlinking: /home/rahul/AiStätt/RoboSense-Fusion/install/camera_node/share/camera_node/cmake/camera_nodeConfig.cmake
-- Symlinking: /home/rahul/AiStätt/RoboSense-Fusion/install/camera_node/share/camera_node/cmake/camera_nodeConfig-version.cmake
-- Symlinking: /home/rahul/AiStätt/RoboSense-Fusion/install/camera_node/share/camera_node/package.xml
