[0.017s] Invoking command in '/home/rahul/AiStätt/RoboSense-Fusion/build/camera_detection': CMAKE_PREFIX_PATH=${CMAKE_PREFIX_PATH}:/opt/ros/jazzy DEBUGINFOD_URLS=https://debuginfod.ubuntu.com /usr/bin/cmake --build /home/rahul/AiStätt/RoboSense-Fusion/build/camera_detection -- -j8 -l8
[0.059s] Invoked command in '/home/rahul/AiStätt/RoboSense-Fusion/build/camera_detection' returned '0': CMAKE_PREFIX_PATH=${CMAKE_PREFIX_PATH}:/opt/ros/jazzy DEBUGINFOD_URLS=https://debuginfod.ubuntu.com /usr/bin/cmake --build /home/rahul/AiStätt/RoboSense-Fusion/build/camera_detection -- -j8 -l8
[0.068s] Invoking command in '/home/rahul/AiStätt/RoboSense-Fusion/build/camera_detection': CMAKE_PREFIX_PATH=${CMAKE_PREFIX_PATH}:/opt/ros/jazzy DEBUGINFOD_URLS=https://debuginfod.ubuntu.com /usr/bin/cmake --install /home/rahul/AiStätt/RoboSense-Fusion/build/camera_detection
[0.075s] -- Install configuration: ""
[0.076s] -- Execute custom install script
[0.076s] -- Up-to-date symlink: /home/rahul/AiStätt/RoboSense-Fusion/install/camera_detection/share/ament_index/resource_index/package_run_dependencies/camera_detection
[0.076s] -- Up-to-date symlink: /home/rahul/AiStätt/RoboSense-Fusion/install/camera_detection/share/ament_index/resource_index/parent_prefix_path/camera_detection
[0.076s] -- Up-to-date symlink: /home/rahul/AiStätt/RoboSense-Fusion/install/camera_detection/share/camera_detection/environment/ament_prefix_path.sh
[0.077s] -- Up-to-date symlink: /home/rahul/AiStätt/RoboSense-Fusion/install/camera_detection/share/camera_detection/environment/ament_prefix_path.dsv
[0.077s] -- Up-to-date symlink: /home/rahul/AiStätt/RoboSense-Fusion/install/camera_detection/share/camera_detection/environment/path.sh
[0.078s] -- Up-to-date symlink: /home/rahul/AiStätt/RoboSense-Fusion/install/camera_detection/share/camera_detection/environment/path.dsv
[0.078s] -- Up-to-date symlink: /home/rahul/AiStätt/RoboSense-Fusion/install/camera_detection/share/camera_detection/local_setup.bash
[0.078s] -- Up-to-date symlink: /home/rahul/AiStätt/RoboSense-Fusion/install/camera_detection/share/camera_detection/local_setup.sh
[0.078s] -- Up-to-date symlink: /home/rahul/AiStätt/RoboSense-Fusion/install/camera_detection/share/camera_detection/local_setup.zsh
[0.078s] -- Up-to-date symlink: /home/rahul/AiStätt/RoboSense-Fusion/install/camera_detection/share/camera_detection/local_setup.dsv
[0.078s] -- Symlinking: /home/rahul/AiStätt/RoboSense-Fusion/install/camera_detection/share/camera_detection/package.dsv
[0.086s] -- Up-to-date symlink: /home/rahul/AiStätt/RoboSense-Fusion/install/camera_detection/share/ament_index/resource_index/packages/camera_detection
[0.087s] -- Up-to-date symlink: /home/rahul/AiStätt/RoboSense-Fusion/install/camera_detection/share/camera_detection/cmake/camera_detectionConfig.cmake
[0.087s] -- Up-to-date symlink: /home/rahul/AiStätt/RoboSense-Fusion/install/camera_detection/share/camera_detection/cmake/camera_detectionConfig-version.cmake
[0.087s] -- Up-to-date symlink: /home/rahul/AiStätt/RoboSense-Fusion/install/camera_detection/share/camera_detection/package.xml
[0.091s] Invoked command in '/home/rahul/AiStätt/RoboSense-Fusion/build/camera_detection' returned '0': CMAKE_PREFIX_PATH=${CMAKE_PREFIX_PATH}:/opt/ros/jazzy DEBUGINFOD_URLS=https://debuginfod.ubuntu.com /usr/bin/cmake --install /home/rahul/AiStätt/RoboSense-Fusion/build/camera_detection
