[0.012s] Invoking command in '/home/rahul/AiStätt/RoboSense-Fusion/build/camera_detection': CMAKE_PREFIX_PATH=${CMAKE_PREFIX_PATH}:/opt/ros/jazzy DEBUGINFOD_URLS=https://debuginfod.ubuntu.com /usr/bin/cmake /home/rahul/AiStätt/RoboSense-Fusion/src/camera_detection -DAMENT_CMAKE_SYMLINK_INSTALL=1 -DCMAKE_INSTALL_PREFIX=/home/rahul/AiStätt/RoboSense-Fusion/install/camera_detection
[0.069s] -- The C compiler identification is GNU 13.3.0
[0.116s] -- The CXX compiler identification is GNU 13.3.0
[0.128s] -- Detecting C compiler ABI info
[0.191s] -- Detecting C compiler ABI info - done
[0.200s] -- Check for working C compiler: /usr/bin/cc - skipped
[0.201s] -- Detecting C compile features
[0.201s] -- Detecting C compile features - done
[0.209s] -- Detecting CXX compiler ABI info
[0.289s] -- Detecting CXX compiler ABI info - done
[0.298s] -- Check for working CXX compiler: /usr/bin/c++ - skipped
[0.299s] -- Detecting CXX compile features
[0.299s] -- Detecting CXX compile features - done
[0.301s] -- Found ament_cmake: 2.5.4 (/opt/ros/jazzy/share/ament_cmake/cmake)
[0.422s] -- Found Python3: /usr/bin/python3 (found version "3.12.3") found components: Interpreter 
[0.485s] -- Override CMake install command with custom implementation using symlinks instead of copying resources
[0.508s] -- Found ament_lint_auto: 0.17.3 (/opt/ros/jazzy/share/ament_lint_auto/cmake)
[0.599s] -- Added test 'lint_cmake' to check CMake code style
[0.599s] -- Added test 'xmllint' to check XML markup files
[0.601s] -- Configuring done (0.6s)
[0.603s] -- Generating done (0.0s)
[0.605s] -- Build files have been written to: /home/rahul/AiStätt/RoboSense-Fusion/build/camera_detection
[0.613s] Invoked command in '/home/rahul/AiStätt/RoboSense-Fusion/build/camera_detection' returned '0': CMAKE_PREFIX_PATH=${CMAKE_PREFIX_PATH}:/opt/ros/jazzy DEBUGINFOD_URLS=https://debuginfod.ubuntu.com /usr/bin/cmake /home/rahul/AiStätt/RoboSense-Fusion/src/camera_detection -DAMENT_CMAKE_SYMLINK_INSTALL=1 -DCMAKE_INSTALL_PREFIX=/home/rahul/AiStätt/RoboSense-Fusion/install/camera_detection
[0.613s] Invoking command in '/home/rahul/AiStätt/RoboSense-Fusion/build/camera_detection': CMAKE_PREFIX_PATH=${CMAKE_PREFIX_PATH}:/opt/ros/jazzy DEBUGINFOD_URLS=https://debuginfod.ubuntu.com /usr/bin/cmake --build /home/rahul/AiStätt/RoboSense-Fusion/build/camera_detection -- -j8 -l8
[0.648s] Invoked command in '/home/rahul/AiStätt/RoboSense-Fusion/build/camera_detection' returned '0': CMAKE_PREFIX_PATH=${CMAKE_PREFIX_PATH}:/opt/ros/jazzy DEBUGINFOD_URLS=https://debuginfod.ubuntu.com /usr/bin/cmake --build /home/rahul/AiStätt/RoboSense-Fusion/build/camera_detection -- -j8 -l8
[0.649s] Invoking command in '/home/rahul/AiStätt/RoboSense-Fusion/build/camera_detection': CMAKE_PREFIX_PATH=${CMAKE_PREFIX_PATH}:/opt/ros/jazzy DEBUGINFOD_URLS=https://debuginfod.ubuntu.com /usr/bin/cmake --install /home/rahul/AiStätt/RoboSense-Fusion/build/camera_detection
[0.654s] -- Install configuration: ""
[0.654s] -- Execute custom install script
[0.655s] -- Symlinking: /home/rahul/AiStätt/RoboSense-Fusion/install/camera_detection/share/ament_index/resource_index/package_run_dependencies/camera_detection
[0.661s] -- Symlinking: /home/rahul/AiStätt/RoboSense-Fusion/install/camera_detection/share/ament_index/resource_index/parent_prefix_path/camera_detection
[0.667s] -- Symlinking: /home/rahul/AiStätt/RoboSense-Fusion/install/camera_detection/share/camera_detection/environment/ament_prefix_path.sh
[0.672s] -- Symlinking: /home/rahul/AiStätt/RoboSense-Fusion/install/camera_detection/share/camera_detection/environment/ament_prefix_path.dsv
[0.679s] -- Symlinking: /home/rahul/AiStätt/RoboSense-Fusion/install/camera_detection/share/camera_detection/environment/path.sh
[0.685s] -- Symlinking: /home/rahul/AiStätt/RoboSense-Fusion/install/camera_detection/share/camera_detection/environment/path.dsv
[0.692s] -- Symlinking: /home/rahul/AiStätt/RoboSense-Fusion/install/camera_detection/share/camera_detection/local_setup.bash
[0.698s] -- Symlinking: /home/rahul/AiStätt/RoboSense-Fusion/install/camera_detection/share/camera_detection/local_setup.sh
[0.705s] -- Symlinking: /home/rahul/AiStätt/RoboSense-Fusion/install/camera_detection/share/camera_detection/local_setup.zsh
[0.712s] -- Symlinking: /home/rahul/AiStätt/RoboSense-Fusion/install/camera_detection/share/camera_detection/local_setup.dsv
[0.721s] -- Symlinking: /home/rahul/AiStätt/RoboSense-Fusion/install/camera_detection/share/camera_detection/package.dsv
[0.727s] -- Symlinking: /home/rahul/AiStätt/RoboSense-Fusion/install/camera_detection/share/ament_index/resource_index/packages/camera_detection
[0.734s] -- Symlinking: /home/rahul/AiStätt/RoboSense-Fusion/install/camera_detection/share/camera_detection/cmake/camera_detectionConfig.cmake
[0.741s] -- Symlinking: /home/rahul/AiStätt/RoboSense-Fusion/install/camera_detection/share/camera_detection/cmake/camera_detectionConfig-version.cmake
[0.748s] -- Symlinking: /home/rahul/AiStätt/RoboSense-Fusion/install/camera_detection/share/camera_detection/package.xml
[0.755s] Invoked command in '/home/rahul/AiStätt/RoboSense-Fusion/build/camera_detection' returned '0': CMAKE_PREFIX_PATH=${CMAKE_PREFIX_PATH}:/opt/ros/jazzy DEBUGINFOD_URLS=https://debuginfod.ubuntu.com /usr/bin/cmake --install /home/rahul/AiStätt/RoboSense-Fusion/build/camera_detection
