[0.010s] Invoking command in '/home/rahul/AiStätt/RoboSense-Fusion/build/camera_preprocess': CMAKE_PREFIX_PATH=${CMAKE_PREFIX_PATH}:/opt/ros/jazzy DEBUGINFOD_URLS=https://debuginfod.ubuntu.com /usr/bin/cmake /home/rahul/AiStätt/RoboSense-Fusion/src/camera_preprocess -DAMENT_CMAKE_SYMLINK_INSTALL=1 -DCMAKE_INSTALL_PREFIX=/home/rahul/AiStätt/RoboSense-Fusion/install/camera_preprocess
[0.066s] -- The C compiler identification is GNU 13.3.0
[0.114s] -- The CXX compiler identification is GNU 13.3.0
[0.125s] -- Detecting C compiler ABI info
[0.185s] -- Detecting C compiler ABI info - done
[0.193s] -- Check for working C compiler: /usr/bin/cc - skipped
[0.194s] -- Detecting C compile features
[0.194s] -- Detecting C compile features - done
[0.202s] -- Detecting CXX compiler ABI info
[0.282s] -- Detecting CXX compiler ABI info - done
[0.292s] -- Check for working CXX compiler: /usr/bin/c++ - skipped
[0.292s] -- Detecting CXX compile features
[0.293s] -- Detecting CXX compile features - done
[0.295s] -- Found ament_cmake: 2.5.4 (/opt/ros/jazzy/share/ament_cmake/cmake)
[0.416s] -- Found Python3: /usr/bin/python3 (found version "3.12.3") found components: Interpreter 
[0.479s] -- Override CMake install command with custom implementation using symlinks instead of copying resources
[0.502s] -- Found ament_lint_auto: 0.17.3 (/opt/ros/jazzy/share/ament_lint_auto/cmake)
[0.592s] -- Added test 'lint_cmake' to check CMake code style
[0.593s] -- Added test 'xmllint' to check XML markup files
[0.595s] -- Configuring done (0.6s)
[0.597s] -- Generating done (0.0s)
[0.598s] -- Build files have been written to: /home/rahul/AiStätt/RoboSense-Fusion/build/camera_preprocess
[0.605s] Invoked command in '/home/rahul/AiStätt/RoboSense-Fusion/build/camera_preprocess' returned '0': CMAKE_PREFIX_PATH=${CMAKE_PREFIX_PATH}:/opt/ros/jazzy DEBUGINFOD_URLS=https://debuginfod.ubuntu.com /usr/bin/cmake /home/rahul/AiStätt/RoboSense-Fusion/src/camera_preprocess -DAMENT_CMAKE_SYMLINK_INSTALL=1 -DCMAKE_INSTALL_PREFIX=/home/rahul/AiStätt/RoboSense-Fusion/install/camera_preprocess
[0.606s] Invoking command in '/home/rahul/AiStätt/RoboSense-Fusion/build/camera_preprocess': CMAKE_PREFIX_PATH=${CMAKE_PREFIX_PATH}:/opt/ros/jazzy DEBUGINFOD_URLS=https://debuginfod.ubuntu.com /usr/bin/cmake --build /home/rahul/AiStätt/RoboSense-Fusion/build/camera_preprocess -- -j8 -l8
[0.634s] Invoked command in '/home/rahul/AiStätt/RoboSense-Fusion/build/camera_preprocess' returned '0': CMAKE_PREFIX_PATH=${CMAKE_PREFIX_PATH}:/opt/ros/jazzy DEBUGINFOD_URLS=https://debuginfod.ubuntu.com /usr/bin/cmake --build /home/rahul/AiStätt/RoboSense-Fusion/build/camera_preprocess -- -j8 -l8
[0.641s] Invoking command in '/home/rahul/AiStätt/RoboSense-Fusion/build/camera_preprocess': CMAKE_PREFIX_PATH=${CMAKE_PREFIX_PATH}:/opt/ros/jazzy DEBUGINFOD_URLS=https://debuginfod.ubuntu.com /usr/bin/cmake --install /home/rahul/AiStätt/RoboSense-Fusion/build/camera_preprocess
[0.646s] -- Install configuration: ""
[0.646s] -- Execute custom install script
[0.647s] -- Symlinking: /home/rahul/AiStätt/RoboSense-Fusion/install/camera_preprocess/share/ament_index/resource_index/package_run_dependencies/camera_preprocess
[0.653s] -- Symlinking: /home/rahul/AiStätt/RoboSense-Fusion/install/camera_preprocess/share/ament_index/resource_index/parent_prefix_path/camera_preprocess
[0.660s] -- Symlinking: /home/rahul/AiStätt/RoboSense-Fusion/install/camera_preprocess/share/camera_preprocess/environment/ament_prefix_path.sh
[0.666s] -- Symlinking: /home/rahul/AiStätt/RoboSense-Fusion/install/camera_preprocess/share/camera_preprocess/environment/ament_prefix_path.dsv
[0.672s] -- Symlinking: /home/rahul/AiStätt/RoboSense-Fusion/install/camera_preprocess/share/camera_preprocess/environment/path.sh
[0.679s] -- Symlinking: /home/rahul/AiStätt/RoboSense-Fusion/install/camera_preprocess/share/camera_preprocess/environment/path.dsv
[0.685s] -- Symlinking: /home/rahul/AiStätt/RoboSense-Fusion/install/camera_preprocess/share/camera_preprocess/local_setup.bash
[0.692s] -- Symlinking: /home/rahul/AiStätt/RoboSense-Fusion/install/camera_preprocess/share/camera_preprocess/local_setup.sh
[0.699s] -- Symlinking: /home/rahul/AiStätt/RoboSense-Fusion/install/camera_preprocess/share/camera_preprocess/local_setup.zsh
[0.706s] -- Symlinking: /home/rahul/AiStätt/RoboSense-Fusion/install/camera_preprocess/share/camera_preprocess/local_setup.dsv
[0.714s] -- Symlinking: /home/rahul/AiStätt/RoboSense-Fusion/install/camera_preprocess/share/camera_preprocess/package.dsv
[0.721s] -- Symlinking: /home/rahul/AiStätt/RoboSense-Fusion/install/camera_preprocess/share/ament_index/resource_index/packages/camera_preprocess
[0.728s] -- Symlinking: /home/rahul/AiStätt/RoboSense-Fusion/install/camera_preprocess/share/camera_preprocess/cmake/camera_preprocessConfig.cmake
[0.735s] -- Symlinking: /home/rahul/AiStätt/RoboSense-Fusion/install/camera_preprocess/share/camera_preprocess/cmake/camera_preprocessConfig-version.cmake
[0.741s] -- Symlinking: /home/rahul/AiStätt/RoboSense-Fusion/install/camera_preprocess/share/camera_preprocess/package.xml
[0.762s] Invoked command in '/home/rahul/AiStätt/RoboSense-Fusion/build/camera_preprocess' returned '0': CMAKE_PREFIX_PATH=${CMAKE_PREFIX_PATH}:/opt/ros/jazzy DEBUGINFOD_URLS=https://debuginfod.ubuntu.com /usr/bin/cmake --install /home/rahul/AiStätt/RoboSense-Fusion/build/camera_preprocess
