[0.010s] Invoking command in '/home/rahul/AiStätt/RoboSense-Fusion/build/camera_node': CMAKE_PREFIX_PATH=${CMAKE_PREFIX_PATH}:/opt/ros/jazzy DEBUGINFOD_URLS=https://debuginfod.ubuntu.com /usr/bin/cmake /home/rahul/AiStätt/RoboSense-Fusion/src/camera_node -DAMENT_CMAKE_SYMLINK_INSTALL=1 -DCMAKE_INSTALL_PREFIX=/home/rahul/AiStätt/RoboSense-Fusion/install/camera_node
[0.065s] -- The C compiler identification is GNU 13.3.0
[0.115s] -- The CXX compiler identification is GNU 13.3.0
[0.127s] -- Detecting C compiler ABI info
[0.187s] -- Detecting C compiler ABI info - done
[0.196s] -- Check for working C compiler: /usr/bin/cc - skipped
[0.197s] -- Detecting C compile features
[0.197s] -- Detecting C compile features - done
[0.205s] -- Detecting CXX compiler ABI info
[0.285s] -- Detecting CXX compiler ABI info - done
[0.295s] -- Check for working CXX compiler: /usr/bin/c++ - skipped
[0.295s] -- Detecting CXX compile features
[0.296s] -- Detecting CXX compile features - done
[0.297s] -- Found ament_cmake: 2.5.4 (/opt/ros/jazzy/share/ament_cmake/cmake)
[0.418s] -- Found Python3: /usr/bin/python3 (found version "3.12.3") found components: Interpreter 
[0.481s] -- Override CMake install command with custom implementation using symlinks instead of copying resources
[0.504s] -- Found rclcpp: 28.1.12 (/opt/ros/jazzy/share/rclcpp/cmake)
[0.537s] -- Found rosidl_generator_c: 4.6.6 (/opt/ros/jazzy/share/rosidl_generator_c/cmake)
[0.549s] -- Found rosidl_generator_cpp: 4.6.6 (/opt/ros/jazzy/share/rosidl_generator_cpp/cmake)
[0.563s] -- Using all available rosidl_typesupport_c: rosidl_typesupport_fastrtps_c;rosidl_typesupport_introspection_c
[0.579s] -- Using all available rosidl_typesupport_cpp: rosidl_typesupport_fastrtps_cpp;rosidl_typesupport_introspection_cpp
[0.651s] -- Found rmw_implementation_cmake: 7.3.2 (/opt/ros/jazzy/share/rmw_implementation_cmake/cmake)
[0.654s] -- Found rmw_fastrtps_cpp: 8.4.3 (/opt/ros/jazzy/share/rmw_fastrtps_cpp/cmake)
[0.716s] -- Found OpenSSL: /usr/lib/x86_64-linux-gnu/libcrypto.so (found version "3.0.13")  
[0.734s] -- Found FastRTPS: /opt/ros/jazzy/include (Required is at least version "2.13") 
[0.757s] -- Using RMW implementation 'rmw_fastrtps_cpp' as default
[0.825s] -- Found sensor_msgs: 5.3.6 (/opt/ros/jazzy/share/sensor_msgs/cmake)
[0.879s] -- Found cv_bridge: 4.1.0 (/opt/ros/jazzy/share/cv_bridge/cmake)
[0.894s] -- Found OpenCV: /usr (found version "4.6.0") 
[0.970s] -- Configuring done (1.0s)
[0.982s] -- Generating done (0.0s)
[0.985s] -- Build files have been written to: /home/rahul/AiStätt/RoboSense-Fusion/build/camera_node
[0.992s] Invoked command in '/home/rahul/AiStätt/RoboSense-Fusion/build/camera_node' returned '0': CMAKE_PREFIX_PATH=${CMAKE_PREFIX_PATH}:/opt/ros/jazzy DEBUGINFOD_URLS=https://debuginfod.ubuntu.com /usr/bin/cmake /home/rahul/AiStätt/RoboSense-Fusion/src/camera_node -DAMENT_CMAKE_SYMLINK_INSTALL=1 -DCMAKE_INSTALL_PREFIX=/home/rahul/AiStätt/RoboSense-Fusion/install/camera_node
[0.993s] Invoking command in '/home/rahul/AiStätt/RoboSense-Fusion/build/camera_node': CMAKE_PREFIX_PATH=${CMAKE_PREFIX_PATH}:/opt/ros/jazzy DEBUGINFOD_URLS=https://debuginfod.ubuntu.com /usr/bin/cmake --build /home/rahul/AiStätt/RoboSense-Fusion/build/camera_node -- -j8 -l8
[1.027s] [ 50%] [32mBuilding CXX object CMakeFiles/camera_node.dir/src/camera_node.cpp.o[0m
[1.209s] [01m[K/home/rahul/AiStätt/RoboSense-Fusion/src/camera_node/src/camera_node.cpp:3:10:[m[K [01;31m[Kfatal error: [m[Kcv_bridge/cv_bridge.h: No such file or directory
[1.209s]     3 | #include [01;31m[K<cv_bridge/cv_bridge.h>[m[K
[1.209s]       |          [01;31m[K^~~~~~~~~~~~~~~~~~~~~~~[m[K
[1.210s] compilation terminated.
[1.212s] gmake[2]: *** [CMakeFiles/camera_node.dir/build.make:76: CMakeFiles/camera_node.dir/src/camera_node.cpp.o] Error 1
[1.212s] gmake[1]: *** [CMakeFiles/Makefile2:137: CMakeFiles/camera_node.dir/all] Error 2
[1.212s] gmake: *** [Makefile:146: all] Error 2
[1.214s] Invoked command in '/home/rahul/AiStätt/RoboSense-Fusion/build/camera_node' returned '2': CMAKE_PREFIX_PATH=${CMAKE_PREFIX_PATH}:/opt/ros/jazzy DEBUGINFOD_URLS=https://debuginfod.ubuntu.com /usr/bin/cmake --build /home/rahul/AiStätt/RoboSense-Fusion/build/camera_node -- -j8 -l8
