[0.014s] Invoking command in '/home/rahul/AiStätt/RoboSense-Fusion/build/camera_node': CMAKE_PREFIX_PATH=${CMAKE_PREFIX_PATH}:/opt/ros/jazzy DEBUGINFOD_URLS=https://debuginfod.ubuntu.com /usr/bin/cmake --build /home/rahul/AiStätt/RoboSense-Fusion/build/camera_node -- -j8 -l8
[0.102s] [100%] Built target camera_node
[0.111s] Invoked command in '/home/rahul/AiStätt/RoboSense-Fusion/build/camera_node' returned '0': CMAKE_PREFIX_PATH=${CMAKE_PREFIX_PATH}:/opt/ros/jazzy DEBUGINFOD_URLS=https://debuginfod.ubuntu.com /usr/bin/cmake --build /home/rahul/AiStätt/RoboSense-Fusion/build/camera_node -- -j8 -l8
[0.111s] Invoking command in '/home/rahul/AiStätt/RoboSense-Fusion/build/camera_node': CMAKE_PREFIX_PATH=${CMAKE_PREFIX_PATH}:/opt/ros/jazzy DEBUGINFOD_URLS=https://debuginfod.ubuntu.com /usr/bin/cmake --install /home/rahul/AiStätt/RoboSense-Fusion/build/camera_node
[0.117s] -- Install configuration: ""
[0.117s] -- Execute custom install script
[0.118s] -- Up-to-date symlink: /home/rahul/AiStätt/RoboSense-Fusion/install/camera_node/lib/camera_node/camera_node
[0.118s] -- Up-to-date symlink: /home/rahul/AiStätt/RoboSense-Fusion/install/camera_node/share/ament_index/resource_index/package_run_dependencies/camera_node
[0.118s] -- Up-to-date symlink: /home/rahul/AiStätt/RoboSense-Fusion/install/camera_node/share/ament_index/resource_index/parent_prefix_path/camera_node
[0.118s] -- Up-to-date symlink: /home/rahul/AiStätt/RoboSense-Fusion/install/camera_node/share/camera_node/environment/ament_prefix_path.sh
[0.119s] -- Up-to-date symlink: /home/rahul/AiStätt/RoboSense-Fusion/install/camera_node/share/camera_node/environment/ament_prefix_path.dsv
[0.119s] -- Up-to-date symlink: /home/rahul/AiStätt/RoboSense-Fusion/install/camera_node/share/camera_node/environment/path.sh
[0.119s] -- Up-to-date symlink: /home/rahul/AiStätt/RoboSense-Fusion/install/camera_node/share/camera_node/environment/path.dsv
[0.119s] -- Up-to-date symlink: /home/rahul/AiStätt/RoboSense-Fusion/install/camera_node/share/camera_node/local_setup.bash
[0.120s] -- Up-to-date symlink: /home/rahul/AiStätt/RoboSense-Fusion/install/camera_node/share/camera_node/local_setup.sh
[0.120s] -- Up-to-date symlink: /home/rahul/AiStätt/RoboSense-Fusion/install/camera_node/share/camera_node/local_setup.zsh
[0.120s] -- Up-to-date symlink: /home/rahul/AiStätt/RoboSense-Fusion/install/camera_node/share/camera_node/local_setup.dsv
[0.120s] -- Symlinking: /home/rahul/AiStätt/RoboSense-Fusion/install/camera_node/share/camera_node/package.dsv
[0.127s] -- Up-to-date symlink: /home/rahul/AiStätt/RoboSense-Fusion/install/camera_node/share/ament_index/resource_index/packages/camera_node
[0.127s] -- Up-to-date symlink: /home/rahul/AiStätt/RoboSense-Fusion/install/camera_node/share/camera_node/cmake/camera_nodeConfig.cmake
[0.127s] -- Up-to-date symlink: /home/rahul/AiStätt/RoboSense-Fusion/install/camera_node/share/camera_node/cmake/camera_nodeConfig-version.cmake
[0.127s] -- Up-to-date symlink: /home/rahul/AiStätt/RoboSense-Fusion/install/camera_node/share/camera_node/package.xml
[0.129s] Invoked command in '/home/rahul/AiStätt/RoboSense-Fusion/build/camera_node' returned '0': CMAKE_PREFIX_PATH=${CMAKE_PREFIX_PATH}:/opt/ros/jazzy DEBUGINFOD_URLS=https://debuginfod.ubuntu.com /usr/bin/cmake --install /home/rahul/AiStätt/RoboSense-Fusion/build/camera_node
