[0.096s] DEBUG:colcon:Command line arguments: ['/usr/bin/colcon', 'build', '--symlink-install']
[0.096s] DEBUG:colcon:Parsed command line arguments: Namespace(log_base=None, log_level=None, verb_name='build', build_base='build', install_base='install', merge_install=False, symlink_install=True, test_result_base=None, continue_on_error=False, executor='parallel', parallel_workers=8, event_handlers=None, ignore_user_meta=False, metas=['./colcon.meta'], base_paths=['.'], packages_ignore=None, packages_ignore_regex=None, paths=None, packages_up_to=None, packages_up_to_regex=None, packages_above=None, packages_above_and_dependencies=None, packages_above_depth=None, packages_select_by_dep=None, packages_skip_by_dep=None, packages_skip_up_to=None, packages_select_build_failed=False, packages_skip_build_finished=False, packages_select_test_failures=False, packages_skip_test_passed=False, packages_select=None, packages_skip=None, packages_select_regex=None, packages_skip_regex=None, packages_start=None, packages_end=None, allow_overriding=[], cmake_args=None, cmake_target=None, cmake_target_skip_unavailable=False, cmake_clean_cache=False, cmake_clean_first=False, cmake_force_configure=False, ament_cmake_args=None, catkin_cmake_args=None, catkin_skip_building_tests=False, mixin_files=None, mixin=None, verb_parser=<colcon_mixin.mixin.mixin_argument.MixinArgumentDecorator object at 0x7586c11a1130>, verb_extension=<colcon_core.verb.build.BuildVerb object at 0x7586c12c3da0>, main=<bound method BuildVerb.main of <colcon_core.verb.build.BuildVerb object at 0x7586c12c3da0>>, mixin_verb=('build',))
[0.125s] Level 1:colcon.colcon_core.package_discovery:discover_packages(colcon_meta) check parameters
[0.125s] Level 1:colcon.colcon_core.package_discovery:discover_packages(recursive) check parameters
[0.125s] Level 1:colcon.colcon_core.package_discovery:discover_packages(ignore) check parameters
[0.125s] Level 1:colcon.colcon_core.package_discovery:discover_packages(path) check parameters
[0.125s] Level 1:colcon.colcon_core.package_discovery:discover_packages(colcon_meta) discover
[0.125s] Level 1:colcon.colcon_core.package_discovery:discover_packages(recursive) discover
[0.125s] INFO:colcon.colcon_core.package_discovery:Crawling recursively for packages in '/home/rahul/AiStätt/RoboSense-Fusion'
[0.125s] Level 1:colcon.colcon_core.package_identification:_identify(.) by extensions ['ignore', 'ignore_ament_install']
[0.125s] Level 1:colcon.colcon_core.package_identification:_identify(.) by extension 'ignore'
[0.125s] Level 1:colcon.colcon_core.package_identification:_identify(.) by extension 'ignore_ament_install'
[0.125s] Level 1:colcon.colcon_core.package_identification:_identify(.) by extensions ['colcon_pkg']
[0.126s] Level 1:colcon.colcon_core.package_identification:_identify(.) by extension 'colcon_pkg'
[0.126s] Level 1:colcon.colcon_core.package_identification:_identify(.) by extensions ['colcon_meta']
[0.126s] Level 1:colcon.colcon_core.package_identification:_identify(.) by extension 'colcon_meta'
[0.126s] Level 1:colcon.colcon_core.package_identification:_identify(.) by extensions ['ros']
[0.126s] Level 1:colcon.colcon_core.package_identification:_identify(.) by extension 'ros'
[0.145s] Level 1:colcon.colcon_core.package_identification:_identify(.) by extensions ['cmake', 'python']
[0.145s] Level 1:colcon.colcon_core.package_identification:_identify(.) by extension 'cmake'
[0.145s] Level 1:colcon.colcon_core.package_identification:_identify(.) by extension 'python'
[0.145s] Level 1:colcon.colcon_core.package_identification:_identify(.) by extensions ['python_setup_py']
[0.145s] Level 1:colcon.colcon_core.package_identification:_identify(.) by extension 'python_setup_py'
[0.146s] Level 1:colcon.colcon_core.package_identification:_identify(build) by extensions ['ignore', 'ignore_ament_install']
[0.146s] Level 1:colcon.colcon_core.package_identification:_identify(build) by extension 'ignore'
[0.146s] Level 1:colcon.colcon_core.package_identification:_identify(build) ignored
[0.146s] Level 1:colcon.colcon_core.package_identification:_identify(install) by extensions ['ignore', 'ignore_ament_install']
[0.146s] Level 1:colcon.colcon_core.package_identification:_identify(install) by extension 'ignore'
[0.146s] Level 1:colcon.colcon_core.package_identification:_identify(install) ignored
[0.146s] Level 1:colcon.colcon_core.package_identification:_identify(log) by extensions ['ignore', 'ignore_ament_install']
[0.146s] Level 1:colcon.colcon_core.package_identification:_identify(log) by extension 'ignore'
[0.146s] Level 1:colcon.colcon_core.package_identification:_identify(log) ignored
[0.146s] Level 1:colcon.colcon_core.package_identification:_identify(src) by extensions ['ignore', 'ignore_ament_install']
[0.146s] Level 1:colcon.colcon_core.package_identification:_identify(src) by extension 'ignore'
[0.146s] Level 1:colcon.colcon_core.package_identification:_identify(src) by extension 'ignore_ament_install'
[0.146s] Level 1:colcon.colcon_core.package_identification:_identify(src) by extensions ['colcon_pkg']
[0.146s] Level 1:colcon.colcon_core.package_identification:_identify(src) by extension 'colcon_pkg'
[0.146s] Level 1:colcon.colcon_core.package_identification:_identify(src) by extensions ['colcon_meta']
[0.146s] Level 1:colcon.colcon_core.package_identification:_identify(src) by extension 'colcon_meta'
[0.146s] Level 1:colcon.colcon_core.package_identification:_identify(src) by extensions ['ros']
[0.147s] Level 1:colcon.colcon_core.package_identification:_identify(src) by extension 'ros'
[0.147s] Level 1:colcon.colcon_core.package_identification:_identify(src) by extensions ['cmake', 'python']
[0.147s] Level 1:colcon.colcon_core.package_identification:_identify(src) by extension 'cmake'
[0.147s] Level 1:colcon.colcon_core.package_identification:_identify(src) by extension 'python'
[0.147s] Level 1:colcon.colcon_core.package_identification:_identify(src) by extensions ['python_setup_py']
[0.147s] Level 1:colcon.colcon_core.package_identification:_identify(src) by extension 'python_setup_py'
[0.147s] Level 1:colcon.colcon_core.package_identification:_identify(src/camera_detection) by extensions ['ignore', 'ignore_ament_install']
[0.147s] Level 1:colcon.colcon_core.package_identification:_identify(src/camera_detection) by extension 'ignore'
[0.147s] Level 1:colcon.colcon_core.package_identification:_identify(src/camera_detection) by extension 'ignore_ament_install'
[0.147s] Level 1:colcon.colcon_core.package_identification:_identify(src/camera_detection) by extensions ['colcon_pkg']
[0.147s] Level 1:colcon.colcon_core.package_identification:_identify(src/camera_detection) by extension 'colcon_pkg'
[0.147s] Level 1:colcon.colcon_core.package_identification:_identify(src/camera_detection) by extensions ['colcon_meta']
[0.147s] Level 1:colcon.colcon_core.package_identification:_identify(src/camera_detection) by extension 'colcon_meta'
[0.147s] Level 1:colcon.colcon_core.package_identification:_identify(src/camera_detection) by extensions ['ros']
[0.147s] Level 1:colcon.colcon_core.package_identification:_identify(src/camera_detection) by extension 'ros'
[0.149s] DEBUG:colcon.colcon_core.package_identification:Package 'src/camera_detection' with type 'ros.ament_cmake' and name 'camera_detection'
[0.149s] Level 1:colcon.colcon_core.package_identification:_identify(src/camera_node) by extensions ['ignore', 'ignore_ament_install']
[0.149s] Level 1:colcon.colcon_core.package_identification:_identify(src/camera_node) by extension 'ignore'
[0.149s] Level 1:colcon.colcon_core.package_identification:_identify(src/camera_node) by extension 'ignore_ament_install'
[0.149s] Level 1:colcon.colcon_core.package_identification:_identify(src/camera_node) by extensions ['colcon_pkg']
[0.149s] Level 1:colcon.colcon_core.package_identification:_identify(src/camera_node) by extension 'colcon_pkg'
[0.149s] Level 1:colcon.colcon_core.package_identification:_identify(src/camera_node) by extensions ['colcon_meta']
[0.149s] Level 1:colcon.colcon_core.package_identification:_identify(src/camera_node) by extension 'colcon_meta'
[0.149s] Level 1:colcon.colcon_core.package_identification:_identify(src/camera_node) by extensions ['ros']
[0.149s] Level 1:colcon.colcon_core.package_identification:_identify(src/camera_node) by extension 'ros'
[0.150s] DEBUG:colcon.colcon_core.package_identification:Package 'src/camera_node' with type 'ros.ament_cmake' and name 'camera_node'
[0.150s] Level 1:colcon.colcon_core.package_identification:_identify(src/camera_preprocess) by extensions ['ignore', 'ignore_ament_install']
[0.150s] Level 1:colcon.colcon_core.package_identification:_identify(src/camera_preprocess) by extension 'ignore'
[0.150s] Level 1:colcon.colcon_core.package_identification:_identify(src/camera_preprocess) by extension 'ignore_ament_install'
[0.150s] Level 1:colcon.colcon_core.package_identification:_identify(src/camera_preprocess) by extensions ['colcon_pkg']
[0.150s] Level 1:colcon.colcon_core.package_identification:_identify(src/camera_preprocess) by extension 'colcon_pkg'
[0.150s] Level 1:colcon.colcon_core.package_identification:_identify(src/camera_preprocess) by extensions ['colcon_meta']
[0.150s] Level 1:colcon.colcon_core.package_identification:_identify(src/camera_preprocess) by extension 'colcon_meta'
[0.150s] Level 1:colcon.colcon_core.package_identification:_identify(src/camera_preprocess) by extensions ['ros']
[0.150s] Level 1:colcon.colcon_core.package_identification:_identify(src/camera_preprocess) by extension 'ros'
[0.150s] DEBUG:colcon.colcon_core.package_identification:Package 'src/camera_preprocess' with type 'ros.ament_cmake' and name 'camera_preprocess'
[0.150s] Level 1:colcon.colcon_core.package_discovery:discover_packages(recursive) using defaults
[0.150s] Level 1:colcon.colcon_core.package_discovery:discover_packages(ignore) discover
[0.150s] Level 1:colcon.colcon_core.package_discovery:discover_packages(ignore) using defaults
[0.150s] Level 1:colcon.colcon_core.package_discovery:discover_packages(path) discover
[0.151s] Level 1:colcon.colcon_core.package_discovery:discover_packages(path) using defaults
[0.164s] Level 1:colcon.colcon_core.package_discovery:discover_packages(prefix_path) check parameters
[0.164s] Level 1:colcon.colcon_core.package_discovery:discover_packages(prefix_path) discover
[0.165s] DEBUG:colcon.colcon_installed_package_information.package_discovery:Found 3 installed packages in /home/rahul/AiStätt/RoboSense-Fusion/install
[0.166s] DEBUG:colcon.colcon_installed_package_information.package_discovery:Found 287 installed packages in /opt/ros/jazzy
[0.167s] Level 1:colcon.colcon_core.package_discovery:discover_packages(prefix_path) using defaults
[0.204s] Level 5:colcon.colcon_core.verb:set package 'camera_detection' build argument 'cmake_args' from command line to 'None'
[0.205s] Level 5:colcon.colcon_core.verb:set package 'camera_detection' build argument 'cmake_target' from command line to 'None'
[0.205s] Level 5:colcon.colcon_core.verb:set package 'camera_detection' build argument 'cmake_target_skip_unavailable' from command line to 'False'
[0.205s] Level 5:colcon.colcon_core.verb:set package 'camera_detection' build argument 'cmake_clean_cache' from command line to 'False'
[0.205s] Level 5:colcon.colcon_core.verb:set package 'camera_detection' build argument 'cmake_clean_first' from command line to 'False'
[0.205s] Level 5:colcon.colcon_core.verb:set package 'camera_detection' build argument 'cmake_force_configure' from command line to 'False'
[0.205s] Level 5:colcon.colcon_core.verb:set package 'camera_detection' build argument 'ament_cmake_args' from command line to 'None'
[0.205s] Level 5:colcon.colcon_core.verb:set package 'camera_detection' build argument 'catkin_cmake_args' from command line to 'None'
[0.205s] Level 5:colcon.colcon_core.verb:set package 'camera_detection' build argument 'catkin_skip_building_tests' from command line to 'False'
[0.205s] DEBUG:colcon.colcon_core.verb:Building package 'camera_detection' with the following arguments: {'ament_cmake_args': None, 'build_base': '/home/rahul/AiStätt/RoboSense-Fusion/build/camera_detection', 'catkin_cmake_args': None, 'catkin_skip_building_tests': False, 'cmake_args': None, 'cmake_clean_cache': False, 'cmake_clean_first': False, 'cmake_force_configure': False, 'cmake_target': None, 'cmake_target_skip_unavailable': False, 'install_base': '/home/rahul/AiStätt/RoboSense-Fusion/install/camera_detection', 'merge_install': False, 'path': '/home/rahul/AiStätt/RoboSense-Fusion/src/camera_detection', 'symlink_install': True, 'test_result_base': None}
[0.205s] Level 5:colcon.colcon_core.verb:set package 'camera_node' build argument 'cmake_args' from command line to 'None'
[0.205s] Level 5:colcon.colcon_core.verb:set package 'camera_node' build argument 'cmake_target' from command line to 'None'
[0.205s] Level 5:colcon.colcon_core.verb:set package 'camera_node' build argument 'cmake_target_skip_unavailable' from command line to 'False'
[0.205s] Level 5:colcon.colcon_core.verb:set package 'camera_node' build argument 'cmake_clean_cache' from command line to 'False'
[0.205s] Level 5:colcon.colcon_core.verb:set package 'camera_node' build argument 'cmake_clean_first' from command line to 'False'
[0.205s] Level 5:colcon.colcon_core.verb:set package 'camera_node' build argument 'cmake_force_configure' from command line to 'False'
[0.205s] Level 5:colcon.colcon_core.verb:set package 'camera_node' build argument 'ament_cmake_args' from command line to 'None'
[0.205s] Level 5:colcon.colcon_core.verb:set package 'camera_node' build argument 'catkin_cmake_args' from command line to 'None'
[0.205s] Level 5:colcon.colcon_core.verb:set package 'camera_node' build argument 'catkin_skip_building_tests' from command line to 'False'
[0.205s] DEBUG:colcon.colcon_core.verb:Building package 'camera_node' with the following arguments: {'ament_cmake_args': None, 'build_base': '/home/rahul/AiStätt/RoboSense-Fusion/build/camera_node', 'catkin_cmake_args': None, 'catkin_skip_building_tests': False, 'cmake_args': None, 'cmake_clean_cache': False, 'cmake_clean_first': False, 'cmake_force_configure': False, 'cmake_target': None, 'cmake_target_skip_unavailable': False, 'install_base': '/home/rahul/AiStätt/RoboSense-Fusion/install/camera_node', 'merge_install': False, 'path': '/home/rahul/AiStätt/RoboSense-Fusion/src/camera_node', 'symlink_install': True, 'test_result_base': None}
[0.206s] Level 5:colcon.colcon_core.verb:set package 'camera_preprocess' build argument 'cmake_args' from command line to 'None'
[0.206s] Level 5:colcon.colcon_core.verb:set package 'camera_preprocess' build argument 'cmake_target' from command line to 'None'
[0.206s] Level 5:colcon.colcon_core.verb:set package 'camera_preprocess' build argument 'cmake_target_skip_unavailable' from command line to 'False'
[0.206s] Level 5:colcon.colcon_core.verb:set package 'camera_preprocess' build argument 'cmake_clean_cache' from command line to 'False'
[0.206s] Level 5:colcon.colcon_core.verb:set package 'camera_preprocess' build argument 'cmake_clean_first' from command line to 'False'
[0.206s] Level 5:colcon.colcon_core.verb:set package 'camera_preprocess' build argument 'cmake_force_configure' from command line to 'False'
[0.206s] Level 5:colcon.colcon_core.verb:set package 'camera_preprocess' build argument 'ament_cmake_args' from command line to 'None'
[0.206s] Level 5:colcon.colcon_core.verb:set package 'camera_preprocess' build argument 'catkin_cmake_args' from command line to 'None'
[0.206s] Level 5:colcon.colcon_core.verb:set package 'camera_preprocess' build argument 'catkin_skip_building_tests' from command line to 'False'
[0.206s] DEBUG:colcon.colcon_core.verb:Building package 'camera_preprocess' with the following arguments: {'ament_cmake_args': None, 'build_base': '/home/rahul/AiStätt/RoboSense-Fusion/build/camera_preprocess', 'catkin_cmake_args': None, 'catkin_skip_building_tests': False, 'cmake_args': None, 'cmake_clean_cache': False, 'cmake_clean_first': False, 'cmake_force_configure': False, 'cmake_target': None, 'cmake_target_skip_unavailable': False, 'install_base': '/home/rahul/AiStätt/RoboSense-Fusion/install/camera_preprocess', 'merge_install': False, 'path': '/home/rahul/AiStätt/RoboSense-Fusion/src/camera_preprocess', 'symlink_install': True, 'test_result_base': None}
[0.206s] INFO:colcon.colcon_core.executor:Executing jobs using 'parallel' executor
[0.207s] DEBUG:colcon.colcon_parallel_executor.executor.parallel:run_until_complete
[0.207s] INFO:colcon.colcon_ros.task.ament_cmake.build:Building ROS package in '/home/rahul/AiStätt/RoboSense-Fusion/src/camera_detection' with build type 'ament_cmake'
[0.207s] INFO:colcon.colcon_cmake.task.cmake.build:Building CMake package in '/home/rahul/AiStätt/RoboSense-Fusion/src/camera_detection'
[0.209s] INFO:colcon.colcon_core.plugin_system:Skipping extension 'colcon_core.shell.bat': Not used on non-Windows systems
[0.209s] INFO:colcon.colcon_core.shell:Skip shell extension 'powershell' for command environment: Not usable outside of PowerShell
[0.209s] DEBUG:colcon.colcon_core.shell:Skip shell extension 'dsv' for command environment
[0.212s] INFO:colcon.colcon_ros.task.ament_cmake.build:Building ROS package in '/home/rahul/AiStätt/RoboSense-Fusion/src/camera_node' with build type 'ament_cmake'
[0.213s] INFO:colcon.colcon_cmake.task.cmake.build:Building CMake package in '/home/rahul/AiStätt/RoboSense-Fusion/src/camera_node'
[0.213s] INFO:colcon.colcon_core.shell:Skip shell extension 'powershell' for command environment: Not usable outside of PowerShell
[0.213s] DEBUG:colcon.colcon_core.shell:Skip shell extension 'dsv' for command environment
[0.216s] INFO:colcon.colcon_ros.task.ament_cmake.build:Building ROS package in '/home/rahul/AiStätt/RoboSense-Fusion/src/camera_preprocess' with build type 'ament_cmake'
[0.216s] INFO:colcon.colcon_cmake.task.cmake.build:Building CMake package in '/home/rahul/AiStätt/RoboSense-Fusion/src/camera_preprocess'
[0.216s] INFO:colcon.colcon_core.shell:Skip shell extension 'powershell' for command environment: Not usable outside of PowerShell
[0.216s] DEBUG:colcon.colcon_core.shell:Skip shell extension 'dsv' for command environment
[0.223s] DEBUG:colcon.colcon_core.event_handler.log_command:Invoking command in '/home/rahul/AiStätt/RoboSense-Fusion/build/camera_detection': CMAKE_PREFIX_PATH=${CMAKE_PREFIX_PATH}:/opt/ros/jazzy DEBUGINFOD_URLS=https://debuginfod.ubuntu.com /usr/bin/cmake --build /home/rahul/AiStätt/RoboSense-Fusion/build/camera_detection -- -j8 -l8
[0.225s] DEBUG:colcon.colcon_core.event_handler.log_command:Invoking command in '/home/rahul/AiStätt/RoboSense-Fusion/build/camera_node': CMAKE_PREFIX_PATH=${CMAKE_PREFIX_PATH}:/opt/ros/jazzy DEBUGINFOD_URLS=https://debuginfod.ubuntu.com /usr/bin/cmake --build /home/rahul/AiStätt/RoboSense-Fusion/build/camera_node -- -j8 -l8
[0.229s] DEBUG:colcon.colcon_core.event_handler.log_command:Invoking command in '/home/rahul/AiStätt/RoboSense-Fusion/build/camera_preprocess': CMAKE_PREFIX_PATH=${CMAKE_PREFIX_PATH}:/opt/ros/jazzy DEBUGINFOD_URLS=https://debuginfod.ubuntu.com /usr/bin/cmake --build /home/rahul/AiStätt/RoboSense-Fusion/build/camera_preprocess -- -j8 -l8
[0.255s] DEBUG:colcon.colcon_core.event_handler.log_command:Invoked command in '/home/rahul/AiStätt/RoboSense-Fusion/build/camera_detection' returned '0': CMAKE_PREFIX_PATH=${CMAKE_PREFIX_PATH}:/opt/ros/jazzy DEBUGINFOD_URLS=https://debuginfod.ubuntu.com /usr/bin/cmake --build /home/rahul/AiStätt/RoboSense-Fusion/build/camera_detection -- -j8 -l8
[0.262s] DEBUG:colcon.colcon_core.event_handler.log_command:Invoking command in '/home/rahul/AiStätt/RoboSense-Fusion/build/camera_detection': CMAKE_PREFIX_PATH=${CMAKE_PREFIX_PATH}:/opt/ros/jazzy DEBUGINFOD_URLS=https://debuginfod.ubuntu.com /usr/bin/cmake --install /home/rahul/AiStätt/RoboSense-Fusion/build/camera_detection
[0.263s] DEBUG:colcon.colcon_core.event_handler.log_command:Invoked command in '/home/rahul/AiStätt/RoboSense-Fusion/build/camera_preprocess' returned '0': CMAKE_PREFIX_PATH=${CMAKE_PREFIX_PATH}:/opt/ros/jazzy DEBUGINFOD_URLS=https://debuginfod.ubuntu.com /usr/bin/cmake --build /home/rahul/AiStätt/RoboSense-Fusion/build/camera_preprocess -- -j8 -l8
[0.264s] DEBUG:colcon.colcon_core.event_handler.log_command:Invoking command in '/home/rahul/AiStätt/RoboSense-Fusion/build/camera_preprocess': CMAKE_PREFIX_PATH=${CMAKE_PREFIX_PATH}:/opt/ros/jazzy DEBUGINFOD_URLS=https://debuginfod.ubuntu.com /usr/bin/cmake --install /home/rahul/AiStätt/RoboSense-Fusion/build/camera_preprocess
[0.279s] Level 1:colcon.colcon_core.environment:create_environment_scripts_only(camera_detection)
[0.279s] DEBUG:colcon.colcon_core.event_handler.log_command:Invoked command in '/home/rahul/AiStätt/RoboSense-Fusion/build/camera_detection' returned '0': CMAKE_PREFIX_PATH=${CMAKE_PREFIX_PATH}:/opt/ros/jazzy DEBUGINFOD_URLS=https://debuginfod.ubuntu.com /usr/bin/cmake --install /home/rahul/AiStätt/RoboSense-Fusion/build/camera_detection
[0.281s] Level 1:colcon.colcon_core.environment:checking '/home/rahul/AiStätt/RoboSense-Fusion/install/camera_detection' for CMake module files
[0.282s] Level 1:colcon.colcon_core.environment:checking '/home/rahul/AiStätt/RoboSense-Fusion/install/camera_detection' for CMake config files
[0.282s] Level 1:colcon.colcon_core.shell:create_environment_hook('camera_detection', 'cmake_prefix_path')
[0.282s] INFO:colcon.colcon_core.shell:Creating environment hook '/home/rahul/AiStätt/RoboSense-Fusion/install/camera_detection/share/camera_detection/hook/cmake_prefix_path.ps1'
[0.283s] INFO:colcon.colcon_core.shell:Creating environment descriptor '/home/rahul/AiStätt/RoboSense-Fusion/install/camera_detection/share/camera_detection/hook/cmake_prefix_path.dsv'
[0.283s] INFO:colcon.colcon_core.shell:Creating environment hook '/home/rahul/AiStätt/RoboSense-Fusion/install/camera_detection/share/camera_detection/hook/cmake_prefix_path.sh'
[0.283s] Level 1:colcon.colcon_core.environment:checking '/home/rahul/AiStätt/RoboSense-Fusion/install/camera_detection/bin'
[0.284s] Level 1:colcon.colcon_core.environment:checking '/home/rahul/AiStätt/RoboSense-Fusion/install/camera_detection/lib/pkgconfig/camera_detection.pc'
[0.284s] Level 1:colcon.colcon_core.environment:checking '/home/rahul/AiStätt/RoboSense-Fusion/install/camera_detection/lib/python3.12/site-packages'
[0.284s] Level 1:colcon.colcon_core.environment:checking '/home/rahul/AiStätt/RoboSense-Fusion/install/camera_detection/bin'
[0.284s] INFO:colcon.colcon_core.shell:Creating package script '/home/rahul/AiStätt/RoboSense-Fusion/install/camera_detection/share/camera_detection/package.ps1'
[0.285s] INFO:colcon.colcon_core.shell:Creating package descriptor '/home/rahul/AiStätt/RoboSense-Fusion/install/camera_detection/share/camera_detection/package.dsv'
[0.285s] INFO:colcon.colcon_core.shell:Creating package script '/home/rahul/AiStätt/RoboSense-Fusion/install/camera_detection/share/camera_detection/package.sh'
[0.286s] INFO:colcon.colcon_core.shell:Creating package script '/home/rahul/AiStätt/RoboSense-Fusion/install/camera_detection/share/camera_detection/package.bash'
[0.286s] INFO:colcon.colcon_core.shell:Creating package script '/home/rahul/AiStätt/RoboSense-Fusion/install/camera_detection/share/camera_detection/package.zsh'
[0.286s] Level 1:colcon.colcon_core.environment:create_file_with_runtime_dependencies(/home/rahul/AiStätt/RoboSense-Fusion/install/camera_detection/share/colcon-core/packages/camera_detection)
[0.287s] Level 1:colcon.colcon_core.environment:create_environment_scripts_only(camera_detection)
[0.287s] Level 1:colcon.colcon_core.environment:checking '/home/rahul/AiStätt/RoboSense-Fusion/install/camera_detection' for CMake module files
[0.287s] Level 1:colcon.colcon_core.environment:checking '/home/rahul/AiStätt/RoboSense-Fusion/install/camera_detection' for CMake config files
[0.288s] Level 1:colcon.colcon_core.shell:create_environment_hook('camera_detection', 'cmake_prefix_path')
[0.288s] INFO:colcon.colcon_core.shell:Creating environment hook '/home/rahul/AiStätt/RoboSense-Fusion/install/camera_detection/share/camera_detection/hook/cmake_prefix_path.ps1'
[0.288s] INFO:colcon.colcon_core.shell:Creating environment descriptor '/home/rahul/AiStätt/RoboSense-Fusion/install/camera_detection/share/camera_detection/hook/cmake_prefix_path.dsv'
[0.288s] INFO:colcon.colcon_core.shell:Creating environment hook '/home/rahul/AiStätt/RoboSense-Fusion/install/camera_detection/share/camera_detection/hook/cmake_prefix_path.sh'
[0.289s] Level 1:colcon.colcon_core.environment:checking '/home/rahul/AiStätt/RoboSense-Fusion/install/camera_detection/bin'
[0.289s] Level 1:colcon.colcon_core.environment:checking '/home/rahul/AiStätt/RoboSense-Fusion/install/camera_detection/lib/pkgconfig/camera_detection.pc'
[0.289s] Level 1:colcon.colcon_core.environment:checking '/home/rahul/AiStätt/RoboSense-Fusion/install/camera_detection/lib/python3.12/site-packages'
[0.289s] Level 1:colcon.colcon_core.environment:checking '/home/rahul/AiStätt/RoboSense-Fusion/install/camera_detection/bin'
[0.289s] INFO:colcon.colcon_core.shell:Creating package script '/home/rahul/AiStätt/RoboSense-Fusion/install/camera_detection/share/camera_detection/package.ps1'
[0.290s] INFO:colcon.colcon_core.shell:Creating package descriptor '/home/rahul/AiStätt/RoboSense-Fusion/install/camera_detection/share/camera_detection/package.dsv'
[0.290s] INFO:colcon.colcon_core.shell:Creating package script '/home/rahul/AiStätt/RoboSense-Fusion/install/camera_detection/share/camera_detection/package.sh'
[0.290s] INFO:colcon.colcon_core.shell:Creating package script '/home/rahul/AiStätt/RoboSense-Fusion/install/camera_detection/share/camera_detection/package.bash'
[0.291s] INFO:colcon.colcon_core.shell:Creating package script '/home/rahul/AiStätt/RoboSense-Fusion/install/camera_detection/share/camera_detection/package.zsh'
[0.291s] Level 1:colcon.colcon_core.environment:create_file_with_runtime_dependencies(/home/rahul/AiStätt/RoboSense-Fusion/install/camera_detection/share/colcon-core/packages/camera_detection)
[0.292s] Level 1:colcon.colcon_core.environment:create_environment_scripts_only(camera_preprocess)
[0.292s] Level 1:colcon.colcon_core.environment:checking '/home/rahul/AiStätt/RoboSense-Fusion/install/camera_preprocess' for CMake module files
[0.293s] DEBUG:colcon.colcon_core.event_handler.log_command:Invoked command in '/home/rahul/AiStätt/RoboSense-Fusion/build/camera_preprocess' returned '0': CMAKE_PREFIX_PATH=${CMAKE_PREFIX_PATH}:/opt/ros/jazzy DEBUGINFOD_URLS=https://debuginfod.ubuntu.com /usr/bin/cmake --install /home/rahul/AiStätt/RoboSense-Fusion/build/camera_preprocess
[0.293s] Level 1:colcon.colcon_core.environment:checking '/home/rahul/AiStätt/RoboSense-Fusion/install/camera_preprocess' for CMake config files
[0.293s] Level 1:colcon.colcon_core.shell:create_environment_hook('camera_preprocess', 'cmake_prefix_path')
[0.293s] INFO:colcon.colcon_core.shell:Creating environment hook '/home/rahul/AiStätt/RoboSense-Fusion/install/camera_preprocess/share/camera_preprocess/hook/cmake_prefix_path.ps1'
[0.294s] INFO:colcon.colcon_core.shell:Creating environment descriptor '/home/rahul/AiStätt/RoboSense-Fusion/install/camera_preprocess/share/camera_preprocess/hook/cmake_prefix_path.dsv'
[0.294s] INFO:colcon.colcon_core.shell:Creating environment hook '/home/rahul/AiStätt/RoboSense-Fusion/install/camera_preprocess/share/camera_preprocess/hook/cmake_prefix_path.sh'
[0.294s] Level 1:colcon.colcon_core.environment:checking '/home/rahul/AiStätt/RoboSense-Fusion/install/camera_preprocess/bin'
[0.294s] Level 1:colcon.colcon_core.environment:checking '/home/rahul/AiStätt/RoboSense-Fusion/install/camera_preprocess/lib/pkgconfig/camera_preprocess.pc'
[0.295s] Level 1:colcon.colcon_core.environment:checking '/home/rahul/AiStätt/RoboSense-Fusion/install/camera_preprocess/lib/python3.12/site-packages'
[0.295s] Level 1:colcon.colcon_core.environment:checking '/home/rahul/AiStätt/RoboSense-Fusion/install/camera_preprocess/bin'
[0.295s] INFO:colcon.colcon_core.shell:Creating package script '/home/rahul/AiStätt/RoboSense-Fusion/install/camera_preprocess/share/camera_preprocess/package.ps1'
[0.295s] INFO:colcon.colcon_core.shell:Creating package descriptor '/home/rahul/AiStätt/RoboSense-Fusion/install/camera_preprocess/share/camera_preprocess/package.dsv'
[0.296s] INFO:colcon.colcon_core.shell:Creating package script '/home/rahul/AiStätt/RoboSense-Fusion/install/camera_preprocess/share/camera_preprocess/package.sh'
[0.296s] INFO:colcon.colcon_core.shell:Creating package script '/home/rahul/AiStätt/RoboSense-Fusion/install/camera_preprocess/share/camera_preprocess/package.bash'
[0.296s] INFO:colcon.colcon_core.shell:Creating package script '/home/rahul/AiStätt/RoboSense-Fusion/install/camera_preprocess/share/camera_preprocess/package.zsh'
[0.296s] Level 1:colcon.colcon_core.environment:create_file_with_runtime_dependencies(/home/rahul/AiStätt/RoboSense-Fusion/install/camera_preprocess/share/colcon-core/packages/camera_preprocess)
[0.297s] Level 1:colcon.colcon_core.environment:create_environment_scripts_only(camera_preprocess)
[0.297s] Level 1:colcon.colcon_core.environment:checking '/home/rahul/AiStätt/RoboSense-Fusion/install/camera_preprocess' for CMake module files
[0.297s] Level 1:colcon.colcon_core.environment:checking '/home/rahul/AiStätt/RoboSense-Fusion/install/camera_preprocess' for CMake config files
[0.297s] Level 1:colcon.colcon_core.shell:create_environment_hook('camera_preprocess', 'cmake_prefix_path')
[0.298s] INFO:colcon.colcon_core.shell:Creating environment hook '/home/rahul/AiStätt/RoboSense-Fusion/install/camera_preprocess/share/camera_preprocess/hook/cmake_prefix_path.ps1'
[0.298s] INFO:colcon.colcon_core.shell:Creating environment descriptor '/home/rahul/AiStätt/RoboSense-Fusion/install/camera_preprocess/share/camera_preprocess/hook/cmake_prefix_path.dsv'
[0.298s] INFO:colcon.colcon_core.shell:Creating environment hook '/home/rahul/AiStätt/RoboSense-Fusion/install/camera_preprocess/share/camera_preprocess/hook/cmake_prefix_path.sh'
[0.299s] Level 1:colcon.colcon_core.environment:checking '/home/rahul/AiStätt/RoboSense-Fusion/install/camera_preprocess/bin'
[0.299s] Level 1:colcon.colcon_core.environment:checking '/home/rahul/AiStätt/RoboSense-Fusion/install/camera_preprocess/lib/pkgconfig/camera_preprocess.pc'
[0.299s] Level 1:colcon.colcon_core.environment:checking '/home/rahul/AiStätt/RoboSense-Fusion/install/camera_preprocess/lib/python3.12/site-packages'
[0.299s] Level 1:colcon.colcon_core.environment:checking '/home/rahul/AiStätt/RoboSense-Fusion/install/camera_preprocess/bin'
[0.300s] INFO:colcon.colcon_core.shell:Creating package script '/home/rahul/AiStätt/RoboSense-Fusion/install/camera_preprocess/share/camera_preprocess/package.ps1'
[0.300s] INFO:colcon.colcon_core.shell:Creating package descriptor '/home/rahul/AiStätt/RoboSense-Fusion/install/camera_preprocess/share/camera_preprocess/package.dsv'
[0.300s] INFO:colcon.colcon_core.shell:Creating package script '/home/rahul/AiStätt/RoboSense-Fusion/install/camera_preprocess/share/camera_preprocess/package.sh'
[0.301s] INFO:colcon.colcon_core.shell:Creating package script '/home/rahul/AiStätt/RoboSense-Fusion/install/camera_preprocess/share/camera_preprocess/package.bash'
[0.301s] INFO:colcon.colcon_core.shell:Creating package script '/home/rahul/AiStätt/RoboSense-Fusion/install/camera_preprocess/share/camera_preprocess/package.zsh'
[0.301s] Level 1:colcon.colcon_core.environment:create_file_with_runtime_dependencies(/home/rahul/AiStätt/RoboSense-Fusion/install/camera_preprocess/share/colcon-core/packages/camera_preprocess)
[6.267s] DEBUG:colcon.colcon_core.event_handler.log_command:Invoked command in '/home/rahul/AiStätt/RoboSense-Fusion/build/camera_node' returned '0': CMAKE_PREFIX_PATH=${CMAKE_PREFIX_PATH}:/opt/ros/jazzy DEBUGINFOD_URLS=https://debuginfod.ubuntu.com /usr/bin/cmake --build /home/rahul/AiStätt/RoboSense-Fusion/build/camera_node -- -j8 -l8
[6.268s] DEBUG:colcon.colcon_core.event_handler.log_command:Invoking command in '/home/rahul/AiStätt/RoboSense-Fusion/build/camera_node': CMAKE_PREFIX_PATH=${CMAKE_PREFIX_PATH}:/opt/ros/jazzy DEBUGINFOD_URLS=https://debuginfod.ubuntu.com /usr/bin/cmake --install /home/rahul/AiStätt/RoboSense-Fusion/build/camera_node
[6.282s] Level 1:colcon.colcon_core.environment:create_environment_scripts_only(camera_node)
[6.283s] Level 1:colcon.colcon_core.environment:checking '/home/rahul/AiStätt/RoboSense-Fusion/install/camera_node' for CMake module files
[6.283s] DEBUG:colcon.colcon_core.event_handler.log_command:Invoked command in '/home/rahul/AiStätt/RoboSense-Fusion/build/camera_node' returned '0': CMAKE_PREFIX_PATH=${CMAKE_PREFIX_PATH}:/opt/ros/jazzy DEBUGINFOD_URLS=https://debuginfod.ubuntu.com /usr/bin/cmake --install /home/rahul/AiStätt/RoboSense-Fusion/build/camera_node
[6.283s] Level 1:colcon.colcon_core.environment:checking '/home/rahul/AiStätt/RoboSense-Fusion/install/camera_node' for CMake config files
[6.284s] Level 1:colcon.colcon_core.shell:create_environment_hook('camera_node', 'cmake_prefix_path')
[6.284s] INFO:colcon.colcon_core.shell:Creating environment hook '/home/rahul/AiStätt/RoboSense-Fusion/install/camera_node/share/camera_node/hook/cmake_prefix_path.ps1'
[6.284s] INFO:colcon.colcon_core.shell:Creating environment descriptor '/home/rahul/AiStätt/RoboSense-Fusion/install/camera_node/share/camera_node/hook/cmake_prefix_path.dsv'
[6.284s] INFO:colcon.colcon_core.shell:Creating environment hook '/home/rahul/AiStätt/RoboSense-Fusion/install/camera_node/share/camera_node/hook/cmake_prefix_path.sh'
[6.285s] Level 1:colcon.colcon_core.environment:checking '/home/rahul/AiStätt/RoboSense-Fusion/install/camera_node/lib'
[6.285s] Level 1:colcon.colcon_core.environment:checking '/home/rahul/AiStätt/RoboSense-Fusion/install/camera_node/bin'
[6.285s] Level 1:colcon.colcon_core.environment:checking '/home/rahul/AiStätt/RoboSense-Fusion/install/camera_node/lib/pkgconfig/camera_node.pc'
[6.285s] Level 1:colcon.colcon_core.environment:checking '/home/rahul/AiStätt/RoboSense-Fusion/install/camera_node/lib/python3.12/site-packages'
[6.286s] Level 1:colcon.colcon_core.environment:checking '/home/rahul/AiStätt/RoboSense-Fusion/install/camera_node/bin'
[6.286s] INFO:colcon.colcon_core.shell:Creating package script '/home/rahul/AiStätt/RoboSense-Fusion/install/camera_node/share/camera_node/package.ps1'
[6.286s] INFO:colcon.colcon_core.shell:Creating package descriptor '/home/rahul/AiStätt/RoboSense-Fusion/install/camera_node/share/camera_node/package.dsv'
[6.286s] INFO:colcon.colcon_core.shell:Creating package script '/home/rahul/AiStätt/RoboSense-Fusion/install/camera_node/share/camera_node/package.sh'
[6.287s] INFO:colcon.colcon_core.shell:Creating package script '/home/rahul/AiStätt/RoboSense-Fusion/install/camera_node/share/camera_node/package.bash'
[6.287s] INFO:colcon.colcon_core.shell:Creating package script '/home/rahul/AiStätt/RoboSense-Fusion/install/camera_node/share/camera_node/package.zsh'
[6.287s] Level 1:colcon.colcon_core.environment:create_file_with_runtime_dependencies(/home/rahul/AiStätt/RoboSense-Fusion/install/camera_node/share/colcon-core/packages/camera_node)
[6.287s] Level 1:colcon.colcon_core.environment:create_environment_scripts_only(camera_node)
[6.288s] Level 1:colcon.colcon_core.environment:checking '/home/rahul/AiStätt/RoboSense-Fusion/install/camera_node' for CMake module files
[6.288s] Level 1:colcon.colcon_core.environment:checking '/home/rahul/AiStätt/RoboSense-Fusion/install/camera_node' for CMake config files
[6.288s] Level 1:colcon.colcon_core.shell:create_environment_hook('camera_node', 'cmake_prefix_path')
[6.288s] INFO:colcon.colcon_core.shell:Creating environment hook '/home/rahul/AiStätt/RoboSense-Fusion/install/camera_node/share/camera_node/hook/cmake_prefix_path.ps1'
[6.289s] INFO:colcon.colcon_core.shell:Creating environment descriptor '/home/rahul/AiStätt/RoboSense-Fusion/install/camera_node/share/camera_node/hook/cmake_prefix_path.dsv'
[6.289s] INFO:colcon.colcon_core.shell:Creating environment hook '/home/rahul/AiStätt/RoboSense-Fusion/install/camera_node/share/camera_node/hook/cmake_prefix_path.sh'
[6.290s] Level 1:colcon.colcon_core.environment:checking '/home/rahul/AiStätt/RoboSense-Fusion/install/camera_node/lib'
[6.290s] Level 1:colcon.colcon_core.environment:checking '/home/rahul/AiStätt/RoboSense-Fusion/install/camera_node/bin'
[6.290s] Level 1:colcon.colcon_core.environment:checking '/home/rahul/AiStätt/RoboSense-Fusion/install/camera_node/lib/pkgconfig/camera_node.pc'
[6.290s] Level 1:colcon.colcon_core.environment:checking '/home/rahul/AiStätt/RoboSense-Fusion/install/camera_node/lib/python3.12/site-packages'
[6.290s] Level 1:colcon.colcon_core.environment:checking '/home/rahul/AiStätt/RoboSense-Fusion/install/camera_node/bin'
[6.291s] INFO:colcon.colcon_core.shell:Creating package script '/home/rahul/AiStätt/RoboSense-Fusion/install/camera_node/share/camera_node/package.ps1'
[6.291s] INFO:colcon.colcon_core.shell:Creating package descriptor '/home/rahul/AiStätt/RoboSense-Fusion/install/camera_node/share/camera_node/package.dsv'
[6.292s] INFO:colcon.colcon_core.shell:Creating package script '/home/rahul/AiStätt/RoboSense-Fusion/install/camera_node/share/camera_node/package.sh'
[6.292s] INFO:colcon.colcon_core.shell:Creating package script '/home/rahul/AiStätt/RoboSense-Fusion/install/camera_node/share/camera_node/package.bash'
[6.292s] INFO:colcon.colcon_core.shell:Creating package script '/home/rahul/AiStätt/RoboSense-Fusion/install/camera_node/share/camera_node/package.zsh'
[6.293s] Level 1:colcon.colcon_core.environment:create_file_with_runtime_dependencies(/home/rahul/AiStätt/RoboSense-Fusion/install/camera_node/share/colcon-core/packages/camera_node)
[6.293s] DEBUG:colcon.colcon_parallel_executor.executor.parallel:closing loop
[6.293s] DEBUG:colcon.colcon_parallel_executor.executor.parallel:loop closed
[6.293s] DEBUG:colcon.colcon_parallel_executor.executor.parallel:run_until_complete finished with '0'
[6.293s] DEBUG:colcon.colcon_core.event_reactor:joining thread
[6.298s] INFO:colcon.colcon_core.plugin_system:Skipping extension 'colcon_notification.desktop_notification.terminal_notifier': Not used on non-Darwin systems
[6.298s] INFO:colcon.colcon_core.plugin_system:Skipping extension 'colcon_notification.desktop_notification.win32': Not used on non-Windows systems
[6.298s] INFO:colcon.colcon_notification.desktop_notification:Sending desktop notification using 'notify2'
[6.316s] DEBUG:colcon.colcon_core.event_reactor:joined thread
[6.317s] INFO:colcon.colcon_core.shell:Creating prefix script '/home/rahul/AiStätt/RoboSense-Fusion/install/local_setup.ps1'
[6.318s] INFO:colcon.colcon_core.shell:Creating prefix util module '/home/rahul/AiStätt/RoboSense-Fusion/install/_local_setup_util_ps1.py'
[6.319s] INFO:colcon.colcon_core.shell:Creating prefix chain script '/home/rahul/AiStätt/RoboSense-Fusion/install/setup.ps1'
[6.320s] INFO:colcon.colcon_core.shell:Creating prefix script '/home/rahul/AiStätt/RoboSense-Fusion/install/local_setup.sh'
[6.321s] INFO:colcon.colcon_core.shell:Creating prefix util module '/home/rahul/AiStätt/RoboSense-Fusion/install/_local_setup_util_sh.py'
[6.322s] INFO:colcon.colcon_core.shell:Creating prefix chain script '/home/rahul/AiStätt/RoboSense-Fusion/install/setup.sh'
[6.323s] INFO:colcon.colcon_core.shell:Creating prefix script '/home/rahul/AiStätt/RoboSense-Fusion/install/local_setup.bash'
[6.323s] INFO:colcon.colcon_core.shell:Creating prefix chain script '/home/rahul/AiStätt/RoboSense-Fusion/install/setup.bash'
[6.324s] INFO:colcon.colcon_core.shell:Creating prefix script '/home/rahul/AiStätt/RoboSense-Fusion/install/local_setup.zsh'
[6.325s] INFO:colcon.colcon_core.shell:Creating prefix chain script '/home/rahul/AiStätt/RoboSense-Fusion/install/setup.zsh'
